This is pdfTeX, Version 3.141592653-2.6-1.40.27 (MiKTeX 25.4) (preloaded format=pdflatex 2025.11.3)  25 NOV 2025 15:27
entering extended mode
 restricted \write18 enabled.
 file:line:error style messages enabled.
 %&-line parsing enabled.
**c:/Users/jvssilva/Documents/GitHub/T/main.tex
(c:/Users/jvssilva/Documents/GitHub/T/main.tex
LaTeX2e <2025-06-01> patch level 1
L3 programming layer <2025-10-09>
(C:\Users\jvssilva\AppData\Local\Programs\MiKTeX\tex/latex/abntex2\abntex2.cls
Document Class: abntex2 2018/11/24 v-1.9.7 abnTeX2
(C:\Users\jvssilva\AppData\Local\Programs\MiKTeX\tex/latex/base\ifthen.sty
Package: ifthen 2024/03/16 v1.1e Standard LaTeX ifthen package (DPC)
) (C:\Users\jvssilva\AppData\Local\Programs\MiKTeX\tex/latex/memoir\memoir.cls
Document Class: memoir 2025/10/02 v3.8.4 configurable book, report, article document class
(C:\Users\jvssilva\AppData\Local\Programs\MiKTeX\tex/latex/xpatch\xpatch.sty (C:\Users\jvssilva\AppData\Local\Programs\MiKTeX\tex/latex/l3kernel\expl3.sty
Package: expl3 2025-10-09 L3 programming layer (loader) 
 (C:\Users\jvssilva\AppData\Local\Programs\MiKTeX\tex/latex/l3backend\l3backend-pdftex.def
File: l3backend-pdftex.def 2025-10-09 L3 backend support: PDF output (pdfTeX)
\l__color_backend_stack_int=\count275
))
Package: xpatch 2020/03/25 v0.3a Extending etoolbox patching commands
 (C:\Users\jvssilva\AppData\Local\Programs\MiKTeX\tex/latex/l3packages/xparse\xparse.sty
Package: xparse 2025-10-09 L3 Experimental document command parser
) (C:\Users\jvssilva\AppData\Local\Programs\MiKTeX\tex/latex/etoolbox\etoolbox.sty
Package: etoolbox 2025/10/02 v2.5m e-TeX tools for LaTeX (JAW)
\etb@tempcnta=\count276
))
\onelineskip=\skip49
\lxvchars=\skip50
\xlvchars=\skip51
\@memcnta=\count277
\c@@memmarkcntra=\count278
 (C:\Users\jvssilva\AppData\Local\Programs\MiKTeX\tex/generic/iftex\iftex.sty
Package: iftex 2024/12/12 v1.0g TeX engine tests
)
\trimtop=\skip52
\trimedge=\skip53
 (C:\Users\jvssilva\AppData\Local\Programs\MiKTeX\tex/latex/memoir\mem12.clo
File: mem12.clo 2022/07/29 v0.5 memoir class 12pt size option
)
\binding=\skip54
\spinemargin=\skip55
\foremargin=\skip56
\uppermargin=\skip57
\lowermargin=\skip58
\headdrop=\skip59
\normalrulethickness=\skip60
\mem@maxheadheight=\skip61
\mem@maxfootheight=\skip62
\headwidth=\skip63
\c@storedpagenumber=\count279
\memPD=\dimen148
\m@mabparskip=\skip64
\thanksmarkwidth=\skip65
\thanksmarksep=\skip66
\droptitle=\skip67
\c@book=\count280
\c@part=\count281
\c@chapter=\count282
\c@section=\count283
\c@subsection=\count284
\c@subsubsection=\count285
\c@paragraph=\count286
\c@subparagraph=\count287
\beforechapskip=\skip68
\midchapskip=\skip69
\afterchapskip=\skip70
\chapindent=\skip71
\bottomsectionskip=\skip72
\secindent=\skip73
\beforesecskip=\skip74
\aftersecskip=\skip75
\subsecindent=\skip76
\beforesubsecskip=\skip77
\aftersubsecskip=\skip78
\subsubsecindent=\skip79
\beforesubsubsecskip=\skip80
\aftersubsubsecskip=\skip81
\paraindent=\skip82
\beforeparaskip=\skip83
\afterparaskip=\skip84
\subparaindent=\skip85
\beforesubparaskip=\skip86
\aftersubparaskip=\skip87
\pfbreakskip=\skip88
\c@@ppsavesec=\count288
\c@@ppsaveapp=\count289
\ragrparindent=\dimen149
\everylistparindent=\dimen150
\parsepi=\skip89
\topsepi=\skip90
\itemsepi=\skip91
\parsepii=\skip92
\topsepii=\skip93
\topsepiii=\skip94
\itemsepii=\skip95
\itemsepiii=\skip96
\partopsepii=\skip97
\partopsepiii=\skip98
\m@msavetopsep=\skip99
\m@msavepartopsep=\skip100
\@enLab=\toks17
\abstitleskip=\skip101
\absleftindent=\skip102
\abs@leftindent=\dimen151
\absrightindent=\skip103
\absparindent=\skip104
\absparsep=\skip105
\c@vslineno=\count290
\c@poemline=\count291
\c@modulo@vs=\count292
\c@memfvsline=\count293
\vleftskip=\skip106
\vrightskip=\skip107
\stanzaskip=\skip108
\versewidth=\skip109
\vgap=\skip110
\vindent=\skip111
\vleftmargin=\dimen152
\c@verse=\count294
\c@chrsinstr=\count295
\beforepoemtitleskip=\skip112
\afterpoemtitleskip=\skip113
\c@poem=\count296
\beforePoemTitleskip=\skip114
\midPoemTitleskip=\skip115
\afterPoemTitleskip=\skip116
 (C:\Users\jvssilva\AppData\Local\Programs\MiKTeX\tex/latex/tools\array.sty
Package: array 2025/06/08 v2.6j Tabular extension package (FMi)
\col@sep=\dimen153
\ar@mcellbox=\box53
\extrarowheight=\dimen154
\NC@list=\toks18
\extratabsurround=\skip117
\backup@length=\skip118
\ar@cellbox=\box54
) (C:\Users\jvssilva\AppData\Local\Programs\MiKTeX\tex/latex/tools\dcolumn.sty
Package: dcolumn 2023/07/08 v1.06 decimal alignment package (DPC)
) (C:\Users\jvssilva\AppData\Local\Programs\MiKTeX\tex/latex/tools\delarray.sty
Package: delarray 2014/10/28 v1.01 array delimiter package (DPC)
) (C:\Users\jvssilva\AppData\Local\Programs\MiKTeX\tex/latex/tools\tabularx.sty
Package: tabularx 2023/12/11 v2.12a `tabularx' package (DPC)
\TX@col@width=\dimen155
\TX@old@table=\dimen156
\TX@old@col=\dimen157
\TX@target=\dimen158
\TX@delta=\dimen159
\TX@cols=\count297
\TX@ftn=\toks19
) (C:\Users\jvssilva\AppData\Local\Programs\MiKTeX\tex/latex/booktabs\booktabs.sty
Package: booktabs 2020/01/12 v1.61803398 Publication quality tables
\heavyrulewidth=\dimen160
\lightrulewidth=\dimen161
\cmidrulewidth=\dimen162
\belowrulesep=\dimen163
\belowbottomsep=\dimen164
\aboverulesep=\dimen165
\abovetopsep=\dimen166
\cmidrulesep=\dimen167
\cmidrulekern=\dimen168
\defaultaddspace=\dimen169
\@cmidla=\count298
\@cmidlb=\count299
\@aboverulesep=\dimen170
\@belowrulesep=\dimen171
\@thisruleclass=\count300
\@lastruleclass=\count301
\@thisrulewidth=\dimen172
)
\ctableftskip=\skip119
\ctabrightskip=\skip120
\abovecolumnspenalty=\count302
\@linestogo=\count303
\@cellstogo=\count304
\@cellsincolumn=\count305
\crtok=\toks20
\@mincolumnwidth=\dimen173
\c@newflo@tctr=\count306
\mem@margin@floatbox=\box55
\@contcwidth=\skip121
\@contindw=\skip122
\abovecaptionskip=\skip123
\belowcaptionskip=\skip124
\subfloattopskip=\skip125
\subfloatcapskip=\skip126
\subfloatcaptopadj=\skip127
\subfloatbottomskip=\skip128
\subfloatlabelskip=\skip129
\subfloatcapmargin=\dimen174
\c@@contsubnum=\count307
\m@mscap@capbox=\box56
\m@mscap@fbox=\box57
\sidecapsep=\dimen175
\sidecapwidth=\dimen176
\m@m@tempdima=\dimen177
\m@mscapraise=\dimen178
\sidecapraise=\dimen179
\m@mscapmainwidth=\dimen180
\m@mscaplkern=\dimen181
\beforeepigraphskip=\skip130
\afterepigraphskip=\skip131
\epigraphwidth=\skip132
\epigraphrule=\skip133
 (C:\Users\jvssilva\AppData\Local\Programs\MiKTeX\tex/latex/hyperref\nameref.sty
Package: nameref 2025-06-21 v2.57 Cross-referencing by name of section
 (C:\Users\jvssilva\AppData\Local\Programs\MiKTeX\tex/latex/refcount\refcount.sty
Package: refcount 2019/12/15 v3.6 Data extraction from label references (HO)
 (C:\Users\jvssilva\AppData\Local\Programs\MiKTeX\tex/generic/ltxcmds\ltxcmds.sty
Package: ltxcmds 2023-12-04 v1.26 LaTeX kernel commands for general use (HO)
) (C:\Users\jvssilva\AppData\Local\Programs\MiKTeX\tex/generic/infwarerr\infwarerr.sty
Package: infwarerr 2019/12/03 v1.5 Providing info/warning/error messages (HO)
)) (C:\Users\jvssilva\AppData\Local\Programs\MiKTeX\tex/generic/gettitlestring\gettitlestring.sty
Package: gettitlestring 2019/12/15 v1.6 Cleanup title references (HO)
 (C:\Users\jvssilva\AppData\Local\Programs\MiKTeX\tex/latex/kvoptions\kvoptions.sty
Package: kvoptions 2022-06-15 v3.15 Key value format for package options (HO)
 (C:\Users\jvssilva\AppData\Local\Programs\MiKTeX\tex/latex/graphics\keyval.sty
Package: keyval 2022/05/29 v1.15 key=value parser (DPC)
\KV@toks@=\toks21
) (C:\Users\jvssilva\AppData\Local\Programs\MiKTeX\tex/latex/kvsetkeys\kvsetkeys.sty
Package: kvsetkeys 2022-10-05 v1.19 Key value parser (HO)
)))
\c@section@level=\count308
)
\tocentryskip=\skip134
\tocbaseline=\skip135
\cftparskip=\skip136
\cftbeforebookskip=\skip137
\cftbookindent=\dimen182
\cftbooknumwidth=\dimen183
\cftbeforepartskip=\skip138
\cftpartindent=\skip139
\cftpartnumwidth=\skip140
\cftbeforechapterskip=\skip141
\cftchapterindent=\skip142
\cftchapternumwidth=\skip143
\cftbeforesectionskip=\skip144
\cftsectionindent=\skip145
\cftsectionnumwidth=\skip146
\cftbeforesubsectionskip=\skip147
\cftsubsectionindent=\skip148
\cftsubsectionnumwidth=\skip149
\cftbeforesubsubsectionskip=\skip150
\cftsubsubsectionindent=\skip151
\cftsubsubsectionnumwidth=\skip152
\cftbeforeparagraphskip=\skip153
\cftparagraphindent=\skip154
\cftparagraphnumwidth=\skip155
\cftbeforesubparagraphskip=\skip156
\cftsubparagraphindent=\skip157
\cftsubparagraphnumwidth=\skip158
\prechapterprecisshift=\dimen184
\c@maxsecnumdepth=\count309
\bibindent=\dimen185
\bibitemsep=\skip159
\indexcolsep=\skip160
\indexrule=\skip161
\indexmarkstyle=\toks22
\@indexbox=\insert252
LaTeX Info: Redefining \raggedbottom on input line 8095.
LaTeX Info: Redefining \flushbottom on input line 8099.
\glossarycolsep=\dimen186
\glossaryrule=\dimen187
\sideparvshift=\skip162
\sideins=\insert251
\sidebartopsep=\skip163
\sidebarhsep=\skip164
\sidebarvsep=\skip165
\sidebarwidth=\skip166
\footmarkwidth=\skip167
\footmarksep=\skip168
\footparindent=\skip169
\footinsdim=\skip170
\footinsv@r=\insert250
\@mpfootinsv@r=\insert249
\m@m@k=\count310
\m@m@h=\dimen188
\m@mipn@skip=\skip171
\sidefootins=\insert248
\sidefootadjust=\skip172
\sidefootheight=\skip173
\sidefoothsep=\skip174
\sidefootvsep=\skip175
\sidefootwidth=\skip176
\m@mdownsf=\skip177
\c@sidefootnote=\count311
\sidefootmarkwidth=\skip178
\sidefootmarksep=\skip179
\sidefootparindent=\skip180
\c@pagenote=\count312
\c@pagenoteshadow=\count313
\mem@pn@lastkern=\skip181
 (C:\Users\jvssilva\AppData\Local\Programs\MiKTeX\tex/latex/tools\verbatim.sty
Package: verbatim 2024-01-22 v1.5x LaTeX2e package for verbatim enhancements
\every@verbatim=\toks23
\verbatim@line=\toks24
\verbatim@in@stream=\read2
)
\verbatimindent=\skip182
\verbatim@out=\write3
 (C:\Users\jvssilva\AppData\Local\Programs\MiKTeX\tex/latex/base\shortvrb.sty
Package: shortvrb 2024/12/25 v3.0q Standard LaTeX documentation package V3 (FMi)
)
\bvboxsep=\skip183
\c@memfbvline=\count314
\c@bvlinectr=\count315
\bvnumlength=\skip184
\fb@frw=\dimen189
\fb@frh=\dimen190
\FrameRule=\dimen191
\FrameSep=\dimen192
\c@cp@cntr=\count316
\c@ism@mctr=\count317
\c@xsm@mctr=\count318
\c@csm@mctr=\count319
\c@ksm@mctr=\count320
\c@xksm@mctr=\count321
\c@cksm@mctr=\count322
\c@msm@mctr=\count323
\c@xmsm@mctr=\count324
\c@cmsm@mctr=\count325
\c@bsm@mctr=\count326
\c@workm@mctr=\count327
\c@sheetsequence=\count328
\c@lastsheet=\count329
\c@lastpage=\count330
\c@figure=\count331
\c@lofdepth=\count332
\cftbeforefigureskip=\skip185
\cftfigureindent=\skip186
\cftfigurenumwidth=\skip187
\c@table=\count333
\c@lotdepth=\count334
\cftbeforetableskip=\skip188
\cfttableindent=\skip189
\cfttablenumwidth=\skip190
Package abstract [2008/07/23] emulated by memoir.
Package appendix [2008/07/23] emulated by memoir.
Package ccaption [2008/07/23] emulated by memoir.
Package changepage [2008/07/23] emulated by memoir.
Package chngcntr [2008/07/23] emulated by memoir.
Package chngpage [2008/07/23] emulated by memoir.
Package crop emulated by memoir.
Package enumerate [2008/07/23] emulated by memoir.
Package epigraph [2008/07/23] emulated by memoir.
Package ifmtarg [2008/07/23] emulated by memoir.
Package index [2008/07/23] emulated by memoir.
Package makeidx [2008/07/23] emulated by memoir.
Package moreverb [2008/07/23] emulated by memoir.
Package needspace [2008/07/23] emulated by memoir.
Package newfile [2008/07/23] emulated by memoir.
Package nextpage [2008/07/23] emulated by memoir.
Package pagenote [2008/07/23] emulated by memoir.
Package parskip [2008/07/23] emulated by memoir.
Package patchcmd [2008/07/23] emulated by memoir.
Package setspace [2008/07/23] emulated by memoir.
Package showidx [2008/07/23] emulated by memoir.
Package titleref [2008/07/23] emulated by memoir.
Package titling [2008/07/23] emulated by memoir.
Package tocbibind [2008/07/23] emulated by memoir.
Package tocloft [2008/07/23] emulated by memoir.
Package tocvsec2 [2008/07/23] emulated by memoir.
Package verse [2008/07/23] emulated by memoir.
) (C:\Users\jvssilva\AppData\Local\Programs\MiKTeX\tex/latex/textcase\textcase.sty
Package: textcase 2025/02/16 v1.05 Text only upper/lower case changing (DPC)
Package textcase Info: Defining Legacy names on input line 20.
) (C:\Users\jvssilva\AppData\Local\Programs\MiKTeX\tex/latex/hyperref\hyperref.sty
Package: hyperref 2025-07-12 v7.01o Hypertext links for LaTeX
 (C:\Users\jvssilva\AppData\Local\Programs\MiKTeX\tex/generic/kvdefinekeys\kvdefinekeys.sty
Package: kvdefinekeys 2019-12-19 v1.6 Define keys (HO)
) (C:\Users\jvssilva\AppData\Local\Programs\MiKTeX\tex/generic/pdfescape\pdfescape.sty
Package: pdfescape 2019/12/09 v1.15 Implements pdfTeX's escape features (HO)
 (C:\Users\jvssilva\AppData\Local\Programs\MiKTeX\tex/generic/pdftexcmds\pdftexcmds.sty
Package: pdftexcmds 2020-06-27 v0.33 Utility functions of pdfTeX for LuaTeX (HO)
Package pdftexcmds Info: \pdf@primitive is available.
Package pdftexcmds Info: \pdf@ifprimitive is available.
Package pdftexcmds Info: \pdfdraftmode found.
)) (C:\Users\jvssilva\AppData\Local\Programs\MiKTeX\tex/latex/hycolor\hycolor.sty
Package: hycolor 2020-01-27 v1.10 Color options for hyperref/bookmark (HO)
) (C:\Users\jvssilva\AppData\Local\Programs\MiKTeX\tex/generic/stringenc\stringenc.sty
Package: stringenc 2019/11/29 v1.12 Convert strings between diff. encodings (HO)
)
\@linkdim=\dimen193
\Hy@linkcounter=\count335
\Hy@pagecounter=\count336
 (C:\Users\jvssilva\AppData\Local\Programs\MiKTeX\tex/latex/hyperref\pd1enc.def
File: pd1enc.def 2025-07-12 v7.01o Hyperref: PDFDocEncoding definition (HO)
Now handling font encoding PD1 ...
... no UTF-8 mapping file for font encoding PD1
) (C:\Users\jvssilva\AppData\Local\Programs\MiKTeX\tex/generic/intcalc\intcalc.sty
Package: intcalc 2019/12/15 v1.3 Expandable calculations with integers (HO)
)
\Hy@SavedSpaceFactor=\count337
 (C:\Users\jvssilva\AppData\Local\Programs\MiKTeX\tex/latex/hyperref\puenc.def
File: puenc.def 2025-07-12 v7.01o Hyperref: PDF Unicode definition (HO)
Now handling font encoding PU ...
... no UTF-8 mapping file for font encoding PU
)
Package hyperref Info: Hyper figures OFF on input line 4195.
Package hyperref Info: Link nesting OFF on input line 4200.
Package hyperref Info: Hyper index ON on input line 4203.
Package hyperref Info: Plain pages OFF on input line 4210.
Package hyperref Info: Backreferencing OFF on input line 4215.
Package hyperref Info: Implicit mode ON; LaTeX internals redefined.
Package hyperref Info: Bookmarks ON on input line 4462.
\c@Hy@tempcnt=\count338
 (C:\Users\jvssilva\AppData\Local\Programs\MiKTeX\tex/latex/url\url.sty
\Urlmuskip=\muskip17
Package: url 2013/09/16  ver 3.4  Verb mode for urls, etc.
)
LaTeX Info: Redefining \url on input line 4801.
\XeTeXLinkMargin=\dimen194
 (C:\Users\jvssilva\AppData\Local\Programs\MiKTeX\tex/generic/bitset\bitset.sty
Package: bitset 2019/12/09 v1.3 Handle bit-vector datatype (HO)
 (C:\Users\jvssilva\AppData\Local\Programs\MiKTeX\tex/generic/bigintcalc\bigintcalc.sty
Package: bigintcalc 2019/12/15 v1.5 Expandable calculations on big integers (HO)
))
\Fld@menulength=\count339
\Field@Width=\dimen195
\Fld@charsize=\dimen196
Package hyperref Info: Hyper figures OFF on input line 6078.
Package hyperref Info: Link nesting OFF on input line 6083.
Package hyperref Info: Hyper index ON on input line 6086.
Package hyperref Info: backreferencing OFF on input line 6093.
Package hyperref Info: Link coloring OFF on input line 6098.
Package hyperref Info: Link coloring with OCG OFF on input line 6103.
Package hyperref Info: PDF/A mode OFF on input line 6108.
\Hy@abspage=\count340
\c@Item=\count341
\c@Hfootnote=\count342
)
Package hyperref Info: Driver (autodetected): hpdftex.
 (C:\Users\jvssilva\AppData\Local\Programs\MiKTeX\tex/latex/hyperref\hpdftex.def
File: hpdftex.def 2025-07-12 v7.01o Hyperref driver for pdfTeX
\Fld@listcount=\count343
\c@bookmark@seq@number=\count344
 (C:\Users\jvssilva\AppData\Local\Programs\MiKTeX\tex/latex/rerunfilecheck\rerunfilecheck.sty
Package: rerunfilecheck 2025-06-21 v1.11 Rerun checks for auxiliary files (HO)
 (C:\Users\jvssilva\AppData\Local\Programs\MiKTeX\tex/generic/uniquecounter\uniquecounter.sty
Package: uniquecounter 2019/12/15 v1.4 Provide unlimited unique counter (HO)
)
Package uniquecounter Info: New unique counter `rerunfilecheck' on input line 284.
)
\Hy@SectionHShift=\skip191
) (C:\Users\jvssilva\AppData\Local\Programs\MiKTeX\tex/latex/memoir\memhfixc.sty
Package: memhfixc 2025/09/16 v1.24 hyperref package fixes for memoir class
\c@memhycontfloat=\count345
\c@mem@Hpagenote=\count346
) (C:\Users\jvssilva\AppData\Local\Programs\MiKTeX\tex/latex/bookmark\bookmark.sty
Package: bookmark 2023-12-10 v1.31 PDF bookmarks (HO)
 (C:\Users\jvssilva\AppData\Local\Programs\MiKTeX\tex/latex/bookmark\bkm-pdftex.def
File: bkm-pdftex.def 2023-12-10 v1.31 bookmark driver for pdfTeX and luaTeX (HO)
\BKM@id=\count347
)) (C:\Users\jvssilva\AppData\Local\Programs\MiKTeX\tex/generic/babel\babel.sty
Package: babel 2025/10/22 v25.14 The multilingual framework for LuaLaTeX, pdfLaTeX and XeLaTeX
\babel@savecnt=\count348
LaTeX Encoding Info:    Redeclaring text command \ij (encoding OT1) on input line 2050.
LaTeX Encoding Info:    Redeclaring text command \IJ (encoding OT1) on input line 2052.
LaTeX Encoding Info:    Redeclaring text command \ij (encoding T1) on input line 2054.
LaTeX Encoding Info:    Redeclaring text command \IJ (encoding T1) on input line 2055.
LaTeX Encoding Info:    Ignoring declaration for text command \ij (encoding ?) on input line 2056.
LaTeX Encoding Info:    Ignoring declaration for text command \IJ (encoding ?) on input line 2058.
LaTeX Encoding Info:    Ignoring declaration for text command \SS (encoding ?) on input line 2083.
\U@D=\dimen197
\l@unhyphenated=\language79
 (C:\Users\jvssilva\AppData\Local\Programs\MiKTeX\tex/generic/babel\txtbabel.def)
\bbl@readstream=\read3
\bbl@dirlevel=\count349


Package babel Warning: Configuration files are deprecated, as
(babel)                they can break document portability.
(babel)                Reported on input line 4172.

*************************************
* Local config file bblopts.cfg used
*
(C:\Users\jvssilva\AppData\Local\Programs\MiKTeX\tex/latex/arabi\bblopts.cfg
File: bblopts.cfg 2005/09/08 v0.1 add Arabic and Farsi to "declared" options of babel
) (C:\Users\jvssilva\AppData\Local\Programs\MiKTeX\tex/generic/babel/locale/pt\babel-brazil.tex

Package babel Warning: Name 'brazil' is deprecated.
(babel)                Use 'brazilian' instead.
(babel)                Reported on input line 19.

)
Package babel Info: Importing font and identification data for brazil
(babel)             from babel-pt-BR.ini. Reported on input line 4295.
 (C:\Users\jvssilva\AppData\Local\Programs\MiKTeX\tex/latex/babel-portuges\brazilian.ldf
Language: portuges 2021/07/09 v1.2t Portuguese support from the babel system
Package babel Info: Hyphen rules for 'brazil' set to \l@portuguese
(babel)             (\language56). Reported on input line 111.
Package babel Info: Making " an active character on input line 143.
)) (C:\Users\jvssilva\AppData\Local\Programs\MiKTeX\tex/latex/enumitem\enumitem.sty
Package: enumitem 2025/02/06 v3.11 Customized lists
\labelindent=\skip192
\enit@outerparindent=\dimen198
\enit@toks=\toks25
\enit@inbox=\box58
\enit@count@id=\count350
\enitdp@description=\count351
) (C:\Users\jvssilva\AppData\Local\Programs\MiKTeX\tex/latex/tools\calc.sty
Package: calc 2025/03/01 v4.3b Infix arithmetic (KKT,FJ)
\calc@Acount=\count352
\calc@Bcount=\count353
\calc@Adimen=\dimen199
\calc@Bdimen=\dimen256
\calc@Askip=\skip193
\calc@Bskip=\skip194
LaTeX Info: Redefining \setlength on input line 86.
LaTeX Info: Redefining \addtolength on input line 87.
\calc@Ccount=\count354
\calc@Cskip=\skip195
)

******************************************************
Stock height and width: 845.04684pt by 597.50787pt
Top and edge trims: 0pt and 0pt
Page height and width: 845.04684pt by 597.50787pt
Text height and width: 708pt by 455pt
Spine and edge margins: 85.35826pt and 56.9055pt
Upper and lower margins: 85.35826pt and 51.68858pt
Headheight and headsep: 14.5pt and 19.8738pt
Footskip: 30pt
Columnsep and columnseprule: 10pt and 0pt
Marginparsep and marginparwidth: 7pt and 42.9055pt
Sidecapsep and sidecapwidth: 7pt and 42pt
Sidebarhsep and sidebarwidth: 7pt and 42pt
Sidebarvsep and sidebartopsep: 14.5pt and 0pt
Sidebarheight: 590.14995pt
Sidefoothsep and sidefootwidth: 7pt and 42pt
Sidefootvsep and sidefootheight: 14.5pt and 590.14995pt
******************************************************

\c@abntex@bookmarkcounter=\count355
\cftlastnumwidth=\skip196

Class memoir Warning: \settocpreprocessor is marked deprecated and will be
(memoir)              removed in 2026, the problem it tried to solve 
(memoir)              (see manual, section 9.2.3),
(memoir)              has been fixed in the kernel, and the feature is
(memoir)              no longer needed. on input line 483.

\chapternamenumlength=\skip197
\ABNTEXcitacaorecuo=\skip198
\c@alineasi=\count356
\c@alineasii=\count357
\enitdp@alineas=\count358
\c@subalineasi=\count359
\enitdp@subalineas=\count360
\c@incisosi=\count361
\enitdp@incisos=\count362
\ABNTEXsignwidth=\skip199
\ABNTEXsignthickness=\skip256
\ABNTEXsignskip=\skip257
) (C:\Users\jvssilva\AppData\Local\Programs\MiKTeX\tex/latex/base\inputenc.sty
Package: inputenc 2024/02/08 v1.3d Input encoding file
\inpenc@prehook=\toks26
\inpenc@posthook=\toks27
) (C:\Users\jvssilva\AppData\Local\Programs\MiKTeX\tex/latex/base\fontenc.sty
Package: fontenc 2024/12/21 v2.1c Standard LaTeX package
) (C:\Users\jvssilva\AppData\Local\Programs\MiKTeX\tex/latex/lm\lmodern.sty
Package: lmodern 2015/05/01 v1.6.1 Latin Modern Fonts
LaTeX Font Info:    Overwriting symbol font `operators' in version `normal'
(Font)                  OT1/cmr/m/n --> OT1/lmr/m/n on input line 22.
LaTeX Font Info:    Overwriting symbol font `letters' in version `normal'
(Font)                  OML/cmm/m/it --> OML/lmm/m/it on input line 23.
LaTeX Font Info:    Overwriting symbol font `symbols' in version `normal'
(Font)                  OMS/cmsy/m/n --> OMS/lmsy/m/n on input line 24.
LaTeX Font Info:    Overwriting symbol font `largesymbols' in version `normal'
(Font)                  OMX/cmex/m/n --> OMX/lmex/m/n on input line 25.
LaTeX Font Info:    Overwriting symbol font `operators' in version `bold'
(Font)                  OT1/cmr/bx/n --> OT1/lmr/bx/n on input line 26.
LaTeX Font Info:    Overwriting symbol font `letters' in version `bold'
(Font)                  OML/cmm/b/it --> OML/lmm/b/it on input line 27.
LaTeX Font Info:    Overwriting symbol font `symbols' in version `bold'
(Font)                  OMS/cmsy/b/n --> OMS/lmsy/b/n on input line 28.
LaTeX Font Info:    Overwriting symbol font `largesymbols' in version `bold'
(Font)                  OMX/cmex/m/n --> OMX/lmex/m/n on input line 29.
LaTeX Font Info:    Overwriting math alphabet `\mathbf' in version `normal'
(Font)                  OT1/cmr/bx/n --> OT1/lmr/bx/n on input line 31.
LaTeX Font Info:    Overwriting math alphabet `\mathsf' in version `normal'
(Font)                  OT1/cmss/m/n --> OT1/lmss/m/n on input line 32.
LaTeX Font Info:    Overwriting math alphabet `\mathit' in version `normal'
(Font)                  OT1/cmr/m/it --> OT1/lmr/m/it on input line 33.
LaTeX Font Info:    Overwriting math alphabet `\mathtt' in version `normal'
(Font)                  OT1/cmtt/m/n --> OT1/lmtt/m/n on input line 34.
LaTeX Font Info:    Overwriting math alphabet `\mathbf' in version `bold'
(Font)                  OT1/cmr/bx/n --> OT1/lmr/bx/n on input line 35.
LaTeX Font Info:    Overwriting math alphabet `\mathsf' in version `bold'
(Font)                  OT1/cmss/bx/n --> OT1/lmss/bx/n on input line 36.
LaTeX Font Info:    Overwriting math alphabet `\mathit' in version `bold'
(Font)                  OT1/cmr/bx/it --> OT1/lmr/bx/it on input line 37.
LaTeX Font Info:    Overwriting math alphabet `\mathtt' in version `bold'
(Font)                  OT1/cmtt/m/n --> OT1/lmtt/m/n on input line 38.
) (C:\Users\jvssilva\AppData\Local\Programs\MiKTeX\tex/latex/microtype\microtype.sty
Package: microtype 2025/07/09 v3.2b Micro-typographical refinements (RS)
\MT@toks=\toks28
\MT@tempbox=\box59
\MT@count=\count363
LaTeX Info: Redefining \noprotrusionifhmode on input line 1087.
LaTeX Info: Redefining \leftprotrusion on input line 1088.
\MT@prot@toks=\toks29
LaTeX Info: Redefining \rightprotrusion on input line 1107.
LaTeX Info: Redefining \textls on input line 1449.
\MT@outer@kern=\dimen257
LaTeX Info: Redefining \microtypecontext on input line 2053.
LaTeX Info: Redefining \textmicrotypecontext on input line 2070.
\MT@listname@count=\count364
 (C:\Users\jvssilva\AppData\Local\Programs\MiKTeX\tex/latex/microtype\microtype-pdftex.def
File: microtype-pdftex.def 2025/07/09 v3.2b Definitions specific to pdftex (RS)
LaTeX Info: Redefining \lsstyle on input line 944.
LaTeX Info: Redefining \lslig on input line 944.
\MT@outer@space=\skip258
)
Package microtype Info: Loading configuration file microtype.cfg.
 (C:\Users\jvssilva\AppData\Local\Programs\MiKTeX\tex/latex/microtype\microtype.cfg
File: microtype.cfg 2025/07/09 v3.2b microtype main configuration file (RS)
)
LaTeX Info: Redefining \microtypesetup on input line 3065.
) (C:\Users\jvssilva\AppData\Local\Programs\MiKTeX\tex/latex/graphics\graphicx.sty
Package: graphicx 2024/12/31 v1.2e Enhanced LaTeX Graphics (DPC,SPQR)
 (C:\Users\jvssilva\AppData\Local\Programs\MiKTeX\tex/latex/graphics\graphics.sty
Package: graphics 2024/08/06 v1.4g Standard LaTeX Graphics (DPC,SPQR)
 (C:\Users\jvssilva\AppData\Local\Programs\MiKTeX\tex/latex/graphics\trig.sty
Package: trig 2023/12/02 v1.11 sin cos tan (DPC)
) (C:\Users\jvssilva\AppData\Local\Programs\MiKTeX\tex/latex/graphics-cfg\graphics.cfg
File: graphics.cfg 2016/06/04 v1.11 sample graphics configuration
)
Package graphics Info: Driver file: pdftex.def on input line 106.
 (C:\Users\jvssilva\AppData\Local\Programs\MiKTeX\tex/latex/graphics-def\pdftex.def
File: pdftex.def 2025/09/29 v1.2d Graphics/color driver for pdftex
))
\Gin@req@height=\dimen258
\Gin@req@width=\dimen259
) (C:\Users\jvssilva\AppData\Local\Programs\MiKTeX\tex/latex/abntex2\abntex2cite.sty
Package: abntex2cite 2018/11/24 v-1.9.7 abnTeX2
 (C:\Users\jvssilva\AppData\Local\Programs\MiKTeX\tex/latex/abntex2\abntex2abrev.sty)
\minimumbiblabelwidth=\skip259
\ABCIauxlen=\skip260
\c@ABCIaux=\count365
\c@ABCImax=\count366
 (C:\Users\jvssilva\AppData\Local\Programs\MiKTeX\tex/generic/iftex\ifpdf.sty
Package: ifpdf 2019/10/25 v3.4 ifpdf legacy package. Use iftex instead.
) (C:\Users\jvssilva\AppData\Local\Programs\MiKTeX\tex/generic/iftex\ifxetex.sty
Package: ifxetex 2019/10/25 v0.7 ifxetex legacy package. Use iftex instead.
) (C:\Users\jvssilva\AppData\Local\Programs\MiKTeX\tex/latex/relsize\relsize.sty
Package: relsize 2013/03/29 ver 4.1
)
\biblabelsep=\skip261
LaTeX Info: Redefining \newblock on input line 591.
LaTeX Info: Redefining \cite on input line 618.
\ABCItoken=\toks30
) (C:\Users\jvssilva\AppData\Local\Programs\MiKTeX\tex/latex/tools\indentfirst.sty
Package: indentfirst 2023/07/02 v1.03 Indent first paragraph (DPC)
) (C:\Users\jvssilva\AppData\Local\Programs\MiKTeX\tex/latex/ragged2e\ragged2e.sty
Package: ragged2e 2023/06/22 v3.6 ragged2e Package
\CenteringLeftskip=\skip262
\RaggedLeftLeftskip=\skip263
\RaggedRightLeftskip=\skip264
\CenteringRightskip=\skip265
\RaggedLeftRightskip=\skip266
\RaggedRightRightskip=\skip267
\CenteringParfillskip=\skip268
\RaggedLeftParfillskip=\skip269
\RaggedRightParfillskip=\skip270
\JustifyingParfillskip=\skip271
\CenteringParindent=\skip272
\RaggedLeftParindent=\skip273
\RaggedRightParindent=\skip274
\JustifyingParindent=\skip275
) (C:\Users\jvssilva\AppData\Local\Programs\MiKTeX\tex/latex/amsmath\amsmath.sty
Package: amsmath 2025/06/16 v2.17y AMS math features
\@mathmargin=\skip276

For additional information on amsmath, use the `?' option.
(C:\Users\jvssilva\AppData\Local\Programs\MiKTeX\tex/latex/amsmath\amstext.sty
Package: amstext 2024/11/17 v2.01 AMS text
 (C:\Users\jvssilva\AppData\Local\Programs\MiKTeX\tex/latex/amsmath\amsgen.sty
File: amsgen.sty 1999/11/30 v2.0 generic functions
\@emptytoks=\toks31
\ex@=\dimen260
)) (C:\Users\jvssilva\AppData\Local\Programs\MiKTeX\tex/latex/amsmath\amsbsy.sty
Package: amsbsy 1999/11/29 v1.2d Bold Symbols
\pmbraise@=\dimen261
) (C:\Users\jvssilva\AppData\Local\Programs\MiKTeX\tex/latex/amsmath\amsopn.sty
Package: amsopn 2022/04/08 v2.04 operator names
)
\inf@bad=\count367
LaTeX Info: Redefining \frac on input line 233.
\uproot@=\count368
\leftroot@=\count369
LaTeX Info: Redefining \overline on input line 398.
LaTeX Info: Redefining \colon on input line 409.
\classnum@=\count370
\DOTSCASE@=\count371
LaTeX Info: Redefining \ldots on input line 495.
LaTeX Info: Redefining \dots on input line 498.
LaTeX Info: Redefining \cdots on input line 619.
\Mathstrutbox@=\box60
\strutbox@=\box61
LaTeX Info: Redefining \big on input line 721.
LaTeX Info: Redefining \Big on input line 722.
LaTeX Info: Redefining \bigg on input line 723.
LaTeX Info: Redefining \Bigg on input line 724.
\big@size=\dimen262
LaTeX Font Info:    Redeclaring font encoding OML on input line 742.
LaTeX Font Info:    Redeclaring font encoding OMS on input line 743.
\macc@depth=\count372
LaTeX Info: Redefining \bmod on input line 904.
LaTeX Info: Redefining \pmod on input line 909.
LaTeX Info: Redefining \smash on input line 939.
LaTeX Info: Redefining \relbar on input line 969.
LaTeX Info: Redefining \Relbar on input line 970.
\c@MaxMatrixCols=\count373
\dotsspace@=\muskip18
\c@parentequation=\count374
\dspbrk@lvl=\count375
\tag@help=\toks32
\row@=\count376
\column@=\count377
\maxfields@=\count378
\andhelp@=\toks33
\eqnshift@=\dimen263
\alignsep@=\dimen264
\tagshift@=\dimen265
\tagwidth@=\dimen266
\totwidth@=\dimen267
\lineht@=\dimen268
\@envbody=\toks34
\multlinegap=\skip277
\multlinetaggap=\skip278
\mathdisplay@stack=\toks35
LaTeX Info: Redefining \[ on input line 2949.
LaTeX Info: Redefining \] on input line 2950.
) (C:\Users\jvssilva\AppData\Local\Programs\MiKTeX\tex/latex/multirow\multirow.sty
Package: multirow 2024/11/12 v2.9 Span multiple rows of a table
\multirow@colwidth=\skip279
\multirow@cntb=\count379
\multirow@dima=\skip280
\bigstrutjot=\dimen269
) (C:\Users\jvssilva\AppData\Local\Programs\MiKTeX\tex/latex/float\float.sty
Package: float 2001/11/08 v1.3d Float enhancements (AL)
\c@float@type=\count380
\float@exts=\toks36
\float@box=\box62
\@float@everytoks=\toks37
\@floatcapt=\box63
) (C:\Users\jvssilva\AppData\Local\Programs\MiKTeX\tex/latex/pgf/frontendlayer\tikz.sty (C:\Users\jvssilva\AppData\Local\Programs\MiKTeX\tex/latex/pgf/basiclayer\pgf.sty (C:\Users\jvssilva\AppData\Local\Programs\MiKTeX\tex/latex/pgf/utilities\pgfrcs.sty (C:\Users\jvssilva\AppData\Local\Programs\MiKTeX\tex/generic/pgf/utilities\pgfutil-common.tex
\pgfutil@everybye=\toks38
\pgfutil@tempdima=\dimen270
\pgfutil@tempdimb=\dimen271
) (C:\Users\jvssilva\AppData\Local\Programs\MiKTeX\tex/generic/pgf/utilities\pgfutil-latex.def
\pgfutil@abb=\box64
) (C:\Users\jvssilva\AppData\Local\Programs\MiKTeX\tex/generic/pgf/utilities\pgfrcs.code.tex (C:\Users\jvssilva\AppData\Local\Programs\MiKTeX\tex/generic/pgf\pgf.revision.tex)
Package: pgfrcs 2025-08-29 v3.1.11a (3.1.11a)
))
Package: pgf 2025-08-29 v3.1.11a (3.1.11a)
 (C:\Users\jvssilva\AppData\Local\Programs\MiKTeX\tex/latex/pgf/basiclayer\pgfcore.sty (C:\Users\jvssilva\AppData\Local\Programs\MiKTeX\tex/latex/pgf/systemlayer\pgfsys.sty (C:\Users\jvssilva\AppData\Local\Programs\MiKTeX\tex/generic/pgf/systemlayer\pgfsys.code.tex
Package: pgfsys 2025-08-29 v3.1.11a (3.1.11a)
 (C:\Users\jvssilva\AppData\Local\Programs\MiKTeX\tex/generic/pgf/utilities\pgfkeys.code.tex
\pgfkeys@pathtoks=\toks39
\pgfkeys@temptoks=\toks40
 (C:\Users\jvssilva\AppData\Local\Programs\MiKTeX\tex/generic/pgf/utilities\pgfkeyslibraryfiltered.code.tex
\pgfkeys@tmptoks=\toks41
))
\pgf@x=\dimen272
\pgf@y=\dimen273
\pgf@xa=\dimen274
\pgf@ya=\dimen275
\pgf@xb=\dimen276
\pgf@yb=\dimen277
\pgf@xc=\dimen278
\pgf@yc=\dimen279
\pgf@xd=\dimen280
\pgf@yd=\dimen281
\w@pgf@writea=\write4
\r@pgf@reada=\read4
\c@pgf@counta=\count381
\c@pgf@countb=\count382
\c@pgf@countc=\count383
\c@pgf@countd=\count384
\t@pgf@toka=\toks42
\t@pgf@tokb=\toks43
\t@pgf@tokc=\toks44
\pgf@sys@id@count=\count385
 (C:\Users\jvssilva\AppData\Local\Programs\MiKTeX\tex/generic/pgf/systemlayer\pgf.cfg
File: pgf.cfg 2025-08-29 v3.1.11a (3.1.11a)
)
Driver file for pgf: pgfsys-pdftex.def
 (C:\Users\jvssilva\AppData\Local\Programs\MiKTeX\tex/generic/pgf/systemlayer\pgfsys-pdftex.def
File: pgfsys-pdftex.def 2025-08-29 v3.1.11a (3.1.11a)
 (C:\Users\jvssilva\AppData\Local\Programs\MiKTeX\tex/generic/pgf/systemlayer\pgfsys-common-pdf.def
File: pgfsys-common-pdf.def 2025-08-29 v3.1.11a (3.1.11a)
))) (C:\Users\jvssilva\AppData\Local\Programs\MiKTeX\tex/generic/pgf/systemlayer\pgfsyssoftpath.code.tex
File: pgfsyssoftpath.code.tex 2025-08-29 v3.1.11a (3.1.11a)
\pgfsyssoftpath@smallbuffer@items=\count386
\pgfsyssoftpath@bigbuffer@items=\count387
) (C:\Users\jvssilva\AppData\Local\Programs\MiKTeX\tex/generic/pgf/systemlayer\pgfsysprotocol.code.tex
File: pgfsysprotocol.code.tex 2025-08-29 v3.1.11a (3.1.11a)
)) (C:\Users\jvssilva\AppData\Local\Programs\MiKTeX\tex/latex/xcolor\xcolor.sty
Package: xcolor 2024/09/29 v3.02 LaTeX color extensions (UK)
 (C:\Users\jvssilva\AppData\Local\Programs\MiKTeX\tex/latex/graphics-cfg\color.cfg
File: color.cfg 2016/01/02 v1.6 sample color configuration
)
Package xcolor Info: Driver file: pdftex.def on input line 274.
 (C:\Users\jvssilva\AppData\Local\Programs\MiKTeX\tex/latex/graphics\mathcolor.ltx)
Package xcolor Info: Model `cmy' substituted by `cmy0' on input line 1349.
Package xcolor Info: Model `hsb' substituted by `rgb' on input line 1353.
Package xcolor Info: Model `RGB' extended on input line 1365.
Package xcolor Info: Model `HTML' substituted by `rgb' on input line 1367.
Package xcolor Info: Model `Hsb' substituted by `hsb' on input line 1368.
Package xcolor Info: Model `tHsb' substituted by `hsb' on input line 1369.
Package xcolor Info: Model `HSB' substituted by `hsb' on input line 1370.
Package xcolor Info: Model `Gray' substituted by `gray' on input line 1371.
Package xcolor Info: Model `wave' substituted by `hsb' on input line 1372.
) (C:\Users\jvssilva\AppData\Local\Programs\MiKTeX\tex/generic/pgf/basiclayer\pgfcore.code.tex
Package: pgfcore 2025-08-29 v3.1.11a (3.1.11a)
 (C:\Users\jvssilva\AppData\Local\Programs\MiKTeX\tex/generic/pgf/math\pgfmath.code.tex (C:\Users\jvssilva\AppData\Local\Programs\MiKTeX\tex/generic/pgf/math\pgfmathutil.code.tex) (C:\Users\jvssilva\AppData\Local\Programs\MiKTeX\tex/generic/pgf/math\pgfmathparser.code.tex
\pgfmath@dimen=\dimen282
\pgfmath@count=\count388
\pgfmath@box=\box65
\pgfmath@toks=\toks45
\pgfmath@stack@operand=\toks46
\pgfmath@stack@operation=\toks47
) (C:\Users\jvssilva\AppData\Local\Programs\MiKTeX\tex/generic/pgf/math\pgfmathfunctions.code.tex) (C:\Users\jvssilva\AppData\Local\Programs\MiKTeX\tex/generic/pgf/math\pgfmathfunctions.basic.code.tex) (C:\Users\jvssilva\AppData\Local\Programs\MiKTeX\tex/generic/pgf/math\pgfmathfunctions.trigonometric.code.tex) (C:\Users\jvssilva\AppData\Local\Programs\MiKTeX\tex/generic/pgf/math\pgfmathfunctions.random.code.tex) (C:\Users\jvssilva\AppData\Local\Programs\MiKTeX\tex/generic/pgf/math\pgfmathfunctions.comparison.code.tex) (C:\Users\jvssilva\AppData\Local\Programs\MiKTeX\tex/generic/pgf/math\pgfmathfunctions.base.code.tex) (C:\Users\jvssilva\AppData\Local\Programs\MiKTeX\tex/generic/pgf/math\pgfmathfunctions.round.code.tex) (C:\Users\jvssilva\AppData\Local\Programs\MiKTeX\tex/generic/pgf/math\pgfmathfunctions.misc.code.tex) (C:\Users\jvssilva\AppData\Local\Programs\MiKTeX\tex/generic/pgf/math\pgfmathfunctions.integerarithmetics.code.tex) (C:\Users\jvssilva\AppData\Local\Programs\MiKTeX\tex/generic/pgf/math\pgfmathcalc.code.tex) (C:\Users\jvssilva\AppData\Local\Programs\MiKTeX\tex/generic/pgf/math\pgfmathfloat.code.tex
\c@pgfmathroundto@lastzeros=\count389
)) (C:\Users\jvssilva\AppData\Local\Programs\MiKTeX\tex/generic/pgf/math\pgfint.code.tex) (C:\Users\jvssilva\AppData\Local\Programs\MiKTeX\tex/generic/pgf/basiclayer\pgfcorepoints.code.tex
File: pgfcorepoints.code.tex 2025-08-29 v3.1.11a (3.1.11a)
\pgf@picminx=\dimen283
\pgf@picmaxx=\dimen284
\pgf@picminy=\dimen285
\pgf@picmaxy=\dimen286
\pgf@pathminx=\dimen287
\pgf@pathmaxx=\dimen288
\pgf@pathminy=\dimen289
\pgf@pathmaxy=\dimen290
\pgf@xx=\dimen291
\pgf@xy=\dimen292
\pgf@yx=\dimen293
\pgf@yy=\dimen294
\pgf@zx=\dimen295
\pgf@zy=\dimen296
) (C:\Users\jvssilva\AppData\Local\Programs\MiKTeX\tex/generic/pgf/basiclayer\pgfcorepathconstruct.code.tex
File: pgfcorepathconstruct.code.tex 2025-08-29 v3.1.11a (3.1.11a)
\pgf@path@lastx=\dimen297
\pgf@path@lasty=\dimen298
) (C:\Users\jvssilva\AppData\Local\Programs\MiKTeX\tex/generic/pgf/basiclayer\pgfcorepathusage.code.tex
File: pgfcorepathusage.code.tex 2025-08-29 v3.1.11a (3.1.11a)
\pgf@shorten@end@additional=\dimen299
\pgf@shorten@start@additional=\dimen300
) (C:\Users\jvssilva\AppData\Local\Programs\MiKTeX\tex/generic/pgf/basiclayer\pgfcorescopes.code.tex
File: pgfcorescopes.code.tex 2025-08-29 v3.1.11a (3.1.11a)
\pgfpic=\box66
\pgf@hbox=\box67
\pgf@layerbox@main=\box68
\pgf@picture@serial@count=\count390
) (C:\Users\jvssilva\AppData\Local\Programs\MiKTeX\tex/generic/pgf/basiclayer\pgfcoregraphicstate.code.tex
File: pgfcoregraphicstate.code.tex 2025-08-29 v3.1.11a (3.1.11a)
\pgflinewidth=\dimen301
) (C:\Users\jvssilva\AppData\Local\Programs\MiKTeX\tex/generic/pgf/basiclayer\pgfcoretransformations.code.tex
File: pgfcoretransformations.code.tex 2025-08-29 v3.1.11a (3.1.11a)
\pgf@pt@x=\dimen302
\pgf@pt@y=\dimen303
\pgf@pt@temp=\dimen304
) (C:\Users\jvssilva\AppData\Local\Programs\MiKTeX\tex/generic/pgf/basiclayer\pgfcorequick.code.tex
File: pgfcorequick.code.tex 2025-08-29 v3.1.11a (3.1.11a)
) (C:\Users\jvssilva\AppData\Local\Programs\MiKTeX\tex/generic/pgf/basiclayer\pgfcoreobjects.code.tex
File: pgfcoreobjects.code.tex 2025-08-29 v3.1.11a (3.1.11a)
) (C:\Users\jvssilva\AppData\Local\Programs\MiKTeX\tex/generic/pgf/basiclayer\pgfcorepathprocessing.code.tex
File: pgfcorepathprocessing.code.tex 2025-08-29 v3.1.11a (3.1.11a)
) (C:\Users\jvssilva\AppData\Local\Programs\MiKTeX\tex/generic/pgf/basiclayer\pgfcorearrows.code.tex
File: pgfcorearrows.code.tex 2025-08-29 v3.1.11a (3.1.11a)
\pgfarrowsep=\dimen305
) (C:\Users\jvssilva\AppData\Local\Programs\MiKTeX\tex/generic/pgf/basiclayer\pgfcoreshade.code.tex
File: pgfcoreshade.code.tex 2025-08-29 v3.1.11a (3.1.11a)
\pgf@max=\dimen306
\pgf@sys@shading@range@num=\count391
\pgf@shadingcount=\count392
) (C:\Users\jvssilva\AppData\Local\Programs\MiKTeX\tex/generic/pgf/basiclayer\pgfcoreimage.code.tex
File: pgfcoreimage.code.tex 2025-08-29 v3.1.11a (3.1.11a)
) (C:\Users\jvssilva\AppData\Local\Programs\MiKTeX\tex/generic/pgf/basiclayer\pgfcoreexternal.code.tex
File: pgfcoreexternal.code.tex 2025-08-29 v3.1.11a (3.1.11a)
\pgfexternal@startupbox=\box69
) (C:\Users\jvssilva\AppData\Local\Programs\MiKTeX\tex/generic/pgf/basiclayer\pgfcorelayers.code.tex
File: pgfcorelayers.code.tex 2025-08-29 v3.1.11a (3.1.11a)
) (C:\Users\jvssilva\AppData\Local\Programs\MiKTeX\tex/generic/pgf/basiclayer\pgfcoretransparency.code.tex
File: pgfcoretransparency.code.tex 2025-08-29 v3.1.11a (3.1.11a)
) (C:\Users\jvssilva\AppData\Local\Programs\MiKTeX\tex/generic/pgf/basiclayer\pgfcorepatterns.code.tex
File: pgfcorepatterns.code.tex 2025-08-29 v3.1.11a (3.1.11a)
) (C:\Users\jvssilva\AppData\Local\Programs\MiKTeX\tex/generic/pgf/basiclayer\pgfcorerdf.code.tex
File: pgfcorerdf.code.tex 2025-08-29 v3.1.11a (3.1.11a)
))) (C:\Users\jvssilva\AppData\Local\Programs\MiKTeX\tex/generic/pgf/modules\pgfmoduleshapes.code.tex
File: pgfmoduleshapes.code.tex 2025-08-29 v3.1.11a (3.1.11a)
\pgfnodeparttextbox=\box70
) (C:\Users\jvssilva\AppData\Local\Programs\MiKTeX\tex/generic/pgf/modules\pgfmoduleplot.code.tex
File: pgfmoduleplot.code.tex 2025-08-29 v3.1.11a (3.1.11a)
) (C:\Users\jvssilva\AppData\Local\Programs\MiKTeX\tex/latex/pgf/compatibility\pgfcomp-version-0-65.sty
Package: pgfcomp-version-0-65 2025-08-29 v3.1.11a (3.1.11a)
\pgf@nodesepstart=\dimen307
\pgf@nodesepend=\dimen308
) (C:\Users\jvssilva\AppData\Local\Programs\MiKTeX\tex/latex/pgf/compatibility\pgfcomp-version-1-18.sty
Package: pgfcomp-version-1-18 2025-08-29 v3.1.11a (3.1.11a)
)) (C:\Users\jvssilva\AppData\Local\Programs\MiKTeX\tex/latex/pgf/utilities\pgffor.sty (C:\Users\jvssilva\AppData\Local\Programs\MiKTeX\tex/latex/pgf/utilities\pgfkeys.sty (C:\Users\jvssilva\AppData\Local\Programs\MiKTeX\tex/generic/pgf/utilities\pgfkeys.code.tex)) (C:\Users\jvssilva\AppData\Local\Programs\MiKTeX\tex/latex/pgf/math\pgfmath.sty (C:\Users\jvssilva\AppData\Local\Programs\MiKTeX\tex/generic/pgf/math\pgfmath.code.tex)) (C:\Users\jvssilva\AppData\Local\Programs\MiKTeX\tex/generic/pgf/utilities\pgffor.code.tex
Package: pgffor 2025-08-29 v3.1.11a (3.1.11a)
\pgffor@iter=\dimen309
\pgffor@skip=\dimen310
\pgffor@stack=\toks48
\pgffor@toks=\toks49
)) (C:\Users\jvssilva\AppData\Local\Programs\MiKTeX\tex/generic/pgf/frontendlayer/tikz\tikz.code.tex
Package: tikz 2025-08-29 v3.1.11a (3.1.11a)
 (C:\Users\jvssilva\AppData\Local\Programs\MiKTeX\tex/generic/pgf/libraries\pgflibraryplothandlers.code.tex
File: pgflibraryplothandlers.code.tex 2025-08-29 v3.1.11a (3.1.11a)
\pgf@plot@mark@count=\count393
\pgfplotmarksize=\dimen311
)
\tikz@lastx=\dimen312
\tikz@lasty=\dimen313
\tikz@lastxsaved=\dimen314
\tikz@lastysaved=\dimen315
\tikz@lastmovetox=\dimen316
\tikz@lastmovetoy=\dimen317
\tikzleveldistance=\dimen318
\tikzsiblingdistance=\dimen319
\tikz@figbox=\box71
\tikz@figbox@bg=\box72
\tikz@tempbox=\box73
\tikz@tempbox@bg=\box74
\tikztreelevel=\count394
\tikznumberofchildren=\count395
\tikznumberofcurrentchild=\count396
\tikz@fig@count=\count397
 (C:\Users\jvssilva\AppData\Local\Programs\MiKTeX\tex/generic/pgf/modules\pgfmodulematrix.code.tex
File: pgfmodulematrix.code.tex 2025-08-29 v3.1.11a (3.1.11a)
\pgfmatrixcurrentrow=\count398
\pgfmatrixcurrentcolumn=\count399
\pgf@matrix@numberofcolumns=\count400
)
\tikz@expandcount=\count401
 (C:\Users\jvssilva\AppData\Local\Programs\MiKTeX\tex/generic/pgf/frontendlayer/tikz/libraries\tikzlibrarytopaths.code.tex
File: tikzlibrarytopaths.code.tex 2025-08-29 v3.1.11a (3.1.11a)
))) (C:\Users\jvssilva\AppData\Local\Programs\MiKTeX\tex/latex/pgfplots\pgfplots.sty (C:\Users\jvssilva\AppData\Local\Programs\MiKTeX\tex/generic/pgfplots\pgfplots.revision.tex)
Package: pgfplots 2021/05/15 v1.18.1 Data Visualization (1.18.1)
 (C:\Users\jvssilva\AppData\Local\Programs\MiKTeX\tex/generic/pgfplots\pgfplots.code.tex (C:\Users\jvssilva\AppData\Local\Programs\MiKTeX\tex/generic/pgfplots\pgfplotscore.code.tex
\t@pgfplots@toka=\toks50
\t@pgfplots@tokb=\toks51
\t@pgfplots@tokc=\toks52
\pgfplots@tmpa=\dimen320
\c@pgfplots@coordindex=\count402
\c@pgfplots@scanlineindex=\count403
 (C:\Users\jvssilva\AppData\Local\Programs\MiKTeX\tex/generic/pgfplots/sys\pgfplotssysgeneric.code.tex)) (C:\Users\jvssilva\AppData\Local\Programs\MiKTeX\tex/generic/pgfplots/libs\pgfplotslibrary.code.tex) (C:\Users\jvssilva\AppData\Local\Programs\MiKTeX\tex/generic/pgfplots/oldpgfcompatib\pgfplotsoldpgfsupp_loader.code.tex (C:\Users\jvssilva\AppData\Local\Programs\MiKTeX\tex/generic/pgf/libraries\pgflibraryfpu.code.tex)
Package pgfplots: loading complementary utilities for your pgf version...
\t@pgf@toka=\toks53
\t@pgf@tokb=\toks54
\t@pgf@tokc=\toks55
(C:\Users\jvssilva\AppData\Local\Programs\MiKTeX\tex/generic/pgfplots/oldpgfcompatib\pgfplotsoldpgfsupp_pgfutil-common-lists.tex)) (C:\Users\jvssilva\AppData\Local\Programs\MiKTeX\tex/generic/pgfplots/util\pgfplotsutil.code.tex (C:\Users\jvssilva\AppData\Local\Programs\MiKTeX\tex/generic/pgfplots/liststructure\pgfplotsliststructure.code.tex) (C:\Users\jvssilva\AppData\Local\Programs\MiKTeX\tex/generic/pgfplots/liststructure\pgfplotsliststructureext.code.tex) (C:\Users\jvssilva\AppData\Local\Programs\MiKTeX\tex/generic/pgfplots/liststructure\pgfplotsarray.code.tex
\c@pgfplotsarray@tmp=\count404
) (C:\Users\jvssilva\AppData\Local\Programs\MiKTeX\tex/generic/pgfplots/liststructure\pgfplotsmatrix.code.tex) (C:\Users\jvssilva\AppData\Local\Programs\MiKTeX\tex/generic/pgfplots/numtable\pgfplotstableshared.code.tex
\c@pgfplotstable@counta=\count405
\t@pgfplotstable@a=\toks56
) (C:\Users\jvssilva\AppData\Local\Programs\MiKTeX\tex/generic/pgfplots/liststructure\pgfplotsdeque.code.tex) (C:\Users\jvssilva\AppData\Local\Programs\MiKTeX\tex/generic/pgfplots/util\pgfplotsbinary.code.tex (C:\Users\jvssilva\AppData\Local\Programs\MiKTeX\tex/generic/pgfplots/util\pgfplotsbinary.data.code.tex)) (C:\Users\jvssilva\AppData\Local\Programs\MiKTeX\tex/generic/pgfplots/util\pgfplotsutil.verb.code.tex) (C:\Users\jvssilva\AppData\Local\Programs\MiKTeX\tex/generic/pgfplots/libs\pgflibrarypgfplots.surfshading.code.tex
\c@pgfplotslibrarysurf@no=\count406
 (C:\Users\jvssilva\AppData\Local\Programs\MiKTeX\tex/generic/pgfplots/sys\pgflibrarypgfplots.surfshading.pgfsys-pdftex.def))) (C:\Users\jvssilva\AppData\Local\Programs\MiKTeX\tex/generic/pgfplots/util\pgfplotscolormap.code.tex (C:\Users\jvssilva\AppData\Local\Programs\MiKTeX\tex/generic/pgfplots/util\pgfplotscolor.code.tex)) (C:\Users\jvssilva\AppData\Local\Programs\MiKTeX\tex/generic/pgfplots\pgfplotsstackedplots.code.tex) (C:\Users\jvssilva\AppData\Local\Programs\MiKTeX\tex/generic/pgfplots\pgfplotsplothandlers.code.tex (C:\Users\jvssilva\AppData\Local\Programs\MiKTeX\tex/generic/pgfplots\pgfplotsmeshplothandler.code.tex (C:\Users\jvssilva\AppData\Local\Programs\MiKTeX\tex/generic/pgfplots\pgfplotsmeshplotimage.code.tex))) (C:\Users\jvssilva\AppData\Local\Programs\MiKTeX\tex/generic/pgfplots\pgfplots.scaling.code.tex) (C:\Users\jvssilva\AppData\Local\Programs\MiKTeX\tex/generic/pgfplots\pgfplotscoordprocessing.code.tex) (C:\Users\jvssilva\AppData\Local\Programs\MiKTeX\tex/generic/pgfplots\pgfplots.errorbars.code.tex) (C:\Users\jvssilva\AppData\Local\Programs\MiKTeX\tex/generic/pgfplots\pgfplots.markers.code.tex) (C:\Users\jvssilva\AppData\Local\Programs\MiKTeX\tex/generic/pgfplots\pgfplotsticks.code.tex) (C:\Users\jvssilva\AppData\Local\Programs\MiKTeX\tex/generic/pgfplots\pgfplots.paths.code.tex) (C:\Users\jvssilva\AppData\Local\Programs\MiKTeX\tex/generic/pgf/frontendlayer/tikz/libraries\tikzlibrarydecorations.code.tex (C:\Users\jvssilva\AppData\Local\Programs\MiKTeX\tex/generic/pgf/modules\pgfmoduledecorations.code.tex
\pgfdecoratedcompleteddistance=\dimen321
\pgfdecoratedremainingdistance=\dimen322
\pgfdecoratedinputsegmentcompleteddistance=\dimen323
\pgfdecoratedinputsegmentremainingdistance=\dimen324
\pgf@decorate@distancetomove=\dimen325
\pgf@decorate@repeatstate=\count407
\pgfdecorationsegmentamplitude=\dimen326
\pgfdecorationsegmentlength=\dimen327
)
\tikz@lib@dec@box=\box75
) (C:\Users\jvssilva\AppData\Local\Programs\MiKTeX\tex/generic/pgf/frontendlayer/tikz/libraries\tikzlibrarydecorations.pathmorphing.code.tex (C:\Users\jvssilva\AppData\Local\Programs\MiKTeX\tex/generic/pgf/libraries/decorations\pgflibrarydecorations.pathmorphing.code.tex)) (C:\Users\jvssilva\AppData\Local\Programs\MiKTeX\tex/generic/pgf/frontendlayer/tikz/libraries\tikzlibrarydecorations.pathreplacing.code.tex (C:\Users\jvssilva\AppData\Local\Programs\MiKTeX\tex/generic/pgf/libraries/decorations\pgflibrarydecorations.pathreplacing.code.tex)) (C:\Users\jvssilva\AppData\Local\Programs\MiKTeX\tex/generic/pgfplots/libs\tikzlibrarypgfplots.contourlua.code.tex)
\pgfplots@numplots=\count408
\pgfplots@xmin@reg=\dimen328
\pgfplots@xmax@reg=\dimen329
\pgfplots@ymin@reg=\dimen330
\pgfplots@ymax@reg=\dimen331
\pgfplots@zmin@reg=\dimen332
\pgfplots@zmax@reg=\dimen333
) (C:\Users\jvssilva\AppData\Local\Programs\MiKTeX\tex/generic/pgf/frontendlayer/tikz/libraries\tikzlibraryplotmarks.code.tex
File: tikzlibraryplotmarks.code.tex 2025-08-29 v3.1.11a (3.1.11a)
 (C:\Users\jvssilva\AppData\Local\Programs\MiKTeX\tex/generic/pgf/libraries\pgflibraryplotmarks.code.tex
File: pgflibraryplotmarks.code.tex 2025-08-29 v3.1.11a (3.1.11a)
))) (C:\Users\jvssilva\AppData\Local\Programs\MiKTeX\tex/latex/amsfonts\amssymb.sty
Package: amssymb 2013/01/14 v3.01 AMS font symbols
 (C:\Users\jvssilva\AppData\Local\Programs\MiKTeX\tex/latex/amsfonts\amsfonts.sty
Package: amsfonts 2013/01/14 v3.01 Basic AMSFonts support
\symAMSa=\mathgroup4
\symAMSb=\mathgroup5
LaTeX Font Info:    Redeclaring math symbol \hbar on input line 98.
LaTeX Font Info:    Overwriting math alphabet `\mathfrak' in version `bold'
(Font)                  U/euf/m/n --> U/euf/b/n on input line 106.
)) (C:\Users\jvssilva\AppData\Local\Programs\MiKTeX\tex/latex/makecell\makecell.sty
Package: makecell 2009/08/03 V0.1e Managing of Tab Column Heads and Cells
\rotheadsize=\dimen334
\c@nlinenum=\count409
\TeXr@lab=\toks57
) (C:\Users\jvssilva\AppData\Local\Programs\MiKTeX\tex/latex/geometry\geometry.sty
Package: geometry 2020/01/02 v5.9 Page Geometry
 (C:\Users\jvssilva\AppData\Local\Programs\MiKTeX\tex/generic/iftex\ifvtex.sty
Package: ifvtex 2019/10/25 v1.7 ifvtex legacy package. Use iftex instead.
)
\Gm@cnth=\count410
\Gm@cntv=\count411
\c@Gm@tempcnt=\count412
\Gm@bindingoffset=\dimen335
\Gm@wd@mp=\dimen336
\Gm@odd@mp=\dimen337
\Gm@even@mp=\dimen338
\Gm@layoutwidth=\dimen339
\Gm@layoutheight=\dimen340
\Gm@layouthoffset=\dimen341
\Gm@layoutvoffset=\dimen342
\Gm@dimlist=\toks58
 (C:\Users\jvssilva\AppData\Local\Programs\MiKTeX\tex/latex/geometry\geometry.cfg)) (C:\Users\jvssilva\AppData\Local\Programs\MiKTeX\tex/latex/adjustbox\adjustbox.sty
Package: adjustbox 2025/02/26 v1.3c Adjusting TeX boxes (trim, clip, ...)
 (C:\Users\jvssilva\AppData\Local\Programs\MiKTeX\tex/latex/xkeyval\xkeyval.sty
Package: xkeyval 2022/06/16 v2.9 package option processing (HA)
 (C:\Users\jvssilva\AppData\Local\Programs\MiKTeX\tex/generic/xkeyval\xkeyval.tex (C:\Users\jvssilva\AppData\Local\Programs\MiKTeX\tex/generic/xkeyval\xkvutils.tex
\XKV@toks=\toks59
\XKV@tempa@toks=\toks60
)
\XKV@depth=\count413
File: xkeyval.tex 2014/12/03 v2.7a key=value parser (HA)
)) (C:\Users\jvssilva\AppData\Local\Programs\MiKTeX\tex/latex/adjustbox\adjcalc.sty
Package: adjcalc 2012/05/16 v1.1 Provides advanced setlength with multiple back-ends (calc, etex, pgfmath)
) (C:\Users\jvssilva\AppData\Local\Programs\MiKTeX\tex/latex/adjustbox\trimclip.sty
Package: trimclip 2025/02/21 v1.2a Trim and clip general TeX material
 (C:\Users\jvssilva\AppData\Local\Programs\MiKTeX\tex/latex/collectbox\collectbox.sty
Package: collectbox 2022/10/17 v0.4c Collect macro arguments as boxes
\collectedbox=\box76
)
\tc@llx=\dimen343
\tc@lly=\dimen344
\tc@urx=\dimen345
\tc@ury=\dimen346
Package trimclip Info: Using driver 'tc-pdftex.def'.
 (C:\Users\jvssilva\AppData\Local\Programs\MiKTeX\tex/latex/adjustbox\tc-pdftex.def
File: tc-pdftex.def 2025/02/26 v2.3 Clipping driver for pdftex
))
\adjbox@Width=\dimen347
\adjbox@Height=\dimen348
\adjbox@Depth=\dimen349
\adjbox@Totalheight=\dimen350
\adjbox@pwidth=\dimen351
\adjbox@pheight=\dimen352
\adjbox@pdepth=\dimen353
\adjbox@ptotalheight=\dimen354
 (C:\Users\jvssilva\AppData\Local\Programs\MiKTeX\tex/latex/ifoddpage\ifoddpage.sty
Package: ifoddpage 2022/10/18 v1.2 Conditionals for odd/even page detection
\c@checkoddpage=\count414
LaTeX Info: Redefining \checkoddpage on input line 45.
) (C:\Users\jvssilva\AppData\Local\Programs\MiKTeX\tex/latex/varwidth\varwidth.sty
Package: varwidth 2009/03/30 ver 0.92;  Variable-width minipages
\@vwid@box=\box77
\sift@deathcycles=\count415
\@vwid@loff=\dimen355
\@vwid@roff=\dimen356
)
==> First Aid for varwidth.sty applied!
) (C:\Users\jvssilva\AppData\Local\Programs\MiKTeX\tex/latex/tools\longtable.sty
Package: longtable 2024-12-18 v4.23 Multi-page Table package (DPC)
\LTleft=\skip281
\LTright=\skip282
\LTpre=\skip283
\LTpost=\skip284
\LTchunksize=\count416
\LTcapwidth=\dimen357
\LT@head=\box78
\LT@firsthead=\box79
\LT@foot=\box80
\LT@lastfoot=\box81
\LT@gbox=\box82
\LT@cols=\count417
\LT@rows=\count418
\c@LT@tables=\count419
\c@LT@chunks=\count420
\LT@p@ftn=\toks61
) (C:\Users\jvssilva\AppData\Local\Programs\MiKTeX\tex/latex/caption\subcaption.sty
Package: subcaption 2023/07/28 v1.6b Sub-captions (AR)
 (C:\Users\jvssilva\AppData\Local\Programs\MiKTeX\tex/latex/caption\caption.sty
Package: caption 2023/08/05 v3.6o Customizing captions (AR)
 (C:\Users\jvssilva\AppData\Local\Programs\MiKTeX\tex/latex/caption\caption3.sty
Package: caption3 2023/07/31 v2.4d caption3 kernel (AR)
\caption@tempdima=\dimen358
\captionmargin=\dimen359
\caption@leftmargin=\dimen360
\caption@rightmargin=\dimen361
\caption@width=\dimen362
\caption@indent=\dimen363
\caption@parindent=\dimen364
\caption@hangindent=\dimen365
Package caption Info: memoir document class detected.
 (C:\Users\jvssilva\AppData\Local\Programs\MiKTeX\tex/latex/caption\caption-memoir.sto
File: caption-memoir.sto 2023/09/08 v2.2c Adaption of the caption package to the memoir document class (AR)
))
\c@caption@flags=\count421
\c@continuedfloat=\count422
Package caption Info: changepage package is loaded.
\caption@adjustwidth@hsize=\dimen366
\caption@adjustwidth@linewidth=\dimen367
Package caption Info: float package is loaded.
Package caption Info: hyperref package is loaded.
Package caption Info: longtable package is loaded.
 (C:\Users\jvssilva\AppData\Local\Programs\MiKTeX\tex/latex/caption\ltcaption.sty
Package: ltcaption 2021/01/08 v1.4c longtable captions (AR)
))
Package caption Info: New subtype `subfigure' on input line 238.
\c@subfigure=\count423
Package caption Info: New subtype `subtable' on input line 238.
\c@subtable=\count424
) (C:\Users\jvssilva\AppData\Local\Programs\MiKTeX\tex/generic/pgf/frontendlayer/tikz/libraries\tikzlibrarypositioning.code.tex
File: tikzlibrarypositioning.code.tex 2025-08-29 v3.1.11a (3.1.11a)
) (C:\Users\jvssilva\AppData\Local\Programs\MiKTeX\tex/generic/pgf/frontendlayer/tikz/libraries\tikzlibraryshapes.geometric.code.tex
File: tikzlibraryshapes.geometric.code.tex 2025-08-29 v3.1.11a (3.1.11a)
 (C:\Users\jvssilva\AppData\Local\Programs\MiKTeX\tex/generic/pgf/libraries/shapes\pgflibraryshapes.geometric.code.tex
File: pgflibraryshapes.geometric.code.tex 2025-08-29 v3.1.11a (3.1.11a)
)) (C:\Users\jvssilva\AppData\Local\Programs\MiKTeX\tex/generic/pgf/libraries\pgflibraryarrows.meta.code.tex
File: pgflibraryarrows.meta.code.tex 2025-08-29 v3.1.11a (3.1.11a)
\pgfarrowinset=\dimen368
\pgfarrowlength=\dimen369
\pgfarrowwidth=\dimen370
\pgfarrowlinewidth=\dimen371
) (C:\Users\jvssilva\AppData\Local\Programs\MiKTeX\tex/generic/pgf/frontendlayer/tikz/libraries\tikzlibraryarrows.code.tex
File: tikzlibraryarrows.code.tex 2025-08-29 v3.1.11a (3.1.11a)
 (C:\Users\jvssilva\AppData\Local\Programs\MiKTeX\tex/generic/pgf/libraries\pgflibraryarrows.code.tex
File: pgflibraryarrows.code.tex 2025-08-29 v3.1.11a (3.1.11a)
\arrowsize=\dimen372
))
LaTeX Font Info:    Trying to load font information for T1+lmr on input line 69.
 (C:\Users\jvssilva\AppData\Local\Programs\MiKTeX\tex/latex/lm\t1lmr.fd
File: t1lmr.fd 2015/05/01 v1.6.1 Font defs for Latin Modern
) (main.aux (includes/modelocapa.aux)
Package babel Info: 'brazil' activates 'portuges' shorthands.
(babel)             Reported on input line 14.
 (includes/folharosto.aux) (includes/folhaaprovacao.aux) (includes/agradecimentos.aux) (includes/resumo.aux) (includes/lista_siglas.aux)

LaTeX Warning: Label `tab:metodologia_trabalhos' multiply defined.


LaTeX Warning: Label `tab:metodologia_trabalhos' multiply defined.

)
\openout1 = `main.aux'.

LaTeX Font Info:    Checking defaults for OML/cmm/m/it on input line 69.
LaTeX Font Info:    ... okay on input line 69.
LaTeX Font Info:    Checking defaults for OMS/cmsy/m/n on input line 69.
LaTeX Font Info:    ... okay on input line 69.
LaTeX Font Info:    Checking defaults for OT1/cmr/m/n on input line 69.
LaTeX Font Info:    ... okay on input line 69.
LaTeX Font Info:    Checking defaults for T1/cmr/m/n on input line 69.
LaTeX Font Info:    ... okay on input line 69.
LaTeX Font Info:    Checking defaults for TS1/cmr/m/n on input line 69.
LaTeX Font Info:    ... okay on input line 69.
LaTeX Font Info:    Checking defaults for OMX/cmex/m/n on input line 69.
LaTeX Font Info:    ... okay on input line 69.
LaTeX Font Info:    Checking defaults for U/cmr/m/n on input line 69.
LaTeX Font Info:    ... okay on input line 69.
LaTeX Font Info:    Checking defaults for PD1/pdf/m/n on input line 69.
LaTeX Font Info:    ... okay on input line 69.
LaTeX Font Info:    Checking defaults for PU/pdf/m/n on input line 69.
LaTeX Font Info:    ... okay on input line 69.
Package hyperref Info: Link coloring OFF on input line 69.
\myptabbox=\box83
\myptabboxwidth=\skip285
Package microtype Info: Patching varwidth to enable character protrusion.
\MT@vwid@leftmargin=\dimen373
\MT@vwid@rightmargin=\dimen374
LaTeX Info: Redefining \microtypecontext on input line 69.
Package microtype Info: Applying patch `item' on input line 69.
Package microtype Info: Applying patch `toc' on input line 69.
Package microtype Info: Applying patch `eqnum' on input line 69.
Package microtype Info: Applying patch `footnote' on input line 69.
Package microtype Info: Applying patch `verbatim' on input line 69.
LaTeX Info: Redefining \microtypesetup on input line 69.
Package microtype Info: Generating PDF output.
Package microtype Info: Character protrusion enabled (level 2).
Package microtype Info: Using default protrusion set `alltext'.
Package microtype Info: Automatic font expansion enabled (level 2),
(microtype)             stretch: 20, shrink: 20, step: 1, non-selected.
Package microtype Info: Using default expansion set `alltext-nott'.
Package microtype Info: Patching command `\showhyphens'.
Package microtype Info: No adjustment of tracking.
Package microtype Info: No adjustment of interword spacing.
Package microtype Info: No adjustment of character kerning.
 (C:\Users\jvssilva\AppData\Local\Programs\MiKTeX\tex/latex/microtype\mt-cmr.cfg
File: mt-cmr.cfg 2013/05/19 v2.2 microtype config. file: Computer Modern Roman (RS)
) (C:\Users\jvssilva\AppData\Local\Programs\MiKTeX\tex/context/base/mkii\supp-pdf.mkii
[Loading MPS to PDF converter (version 2006.09.02).]
\scratchcounter=\count425
\scratchdimen=\dimen375
\scratchbox=\box84
\nofMPsegments=\count426
\nofMParguments=\count427
\everyMPshowfont=\toks62
\MPscratchCnt=\count428
\MPscratchDim=\dimen376
\MPnumerator=\count429
\makeMPintoPDFobject=\count430
\everyMPtoPDFconversion=\toks63
) (C:\Users\jvssilva\AppData\Local\Programs\MiKTeX\tex/latex/epstopdf-pkg\epstopdf-base.sty
Package: epstopdf-base 2020-01-24 v2.11 Base part for package epstopdf
Package epstopdf-base Info: Redefining graphics rule for `.eps' on input line 485.
 (C:\Users\jvssilva\AppData\Local\Programs\MiKTeX\tex/latex/00miktex\epstopdf-sys.cfg
File: epstopdf-sys.cfg 2021/03/18 v2.0 Configuration of epstopdf for MiKTeX
))
Package pgfplots notification 'compat/show suggested version=true': document has been generated with the most recent feature set (\pgfplotsset{compat=1.18}).

*geometry* driver: auto-detecting
*geometry* detected driver: pdftex
*geometry* verbose mode - [ preamble ] result:
* driver: pdftex
* paper: a4paper
* layout: <same size as paper>
* layoutoffset:(h,v)=(0.0pt,0.0pt)
* modes: 
* h-part:(L,W,R)=(72.26999pt, 452.9679pt, 72.26999pt)
* v-part:(T,H,B)=(72.26999pt, 700.50687pt, 72.26999pt)
* \paperwidth=597.50787pt
* \paperheight=845.04684pt
* \textwidth=452.9679pt
* \textheight=700.50687pt
* \oddsidemargin=0.0pt
* \evensidemargin=0.0pt
* \topmargin=-34.3738pt
* \headheight=14.5pt
* \headsep=19.8738pt
* \topskip=12.0pt
* \footskip=30.0pt
* \marginparwidth=42.9055pt
* \marginparsep=7.0pt
* \columnsep=10.0pt
* \skip\footins=12.0pt plus 4.0pt minus 4.0pt
* \hoffset=0.0pt
* \voffset=0.0pt
* \mag=1000
* \@twocolumnfalse
* \@twosidefalse
* \@mparswitchfalse
* \@reversemarginfalse
* (1in=72.27pt=25.4mm, 1cm=28.453pt)

Package caption Info: Begin \AtBeginDocument code.
Package caption Info: End \AtBeginDocument code.
\openout2 = `includes/modelocapa.aux'.

(includes/modelocapa.tex
<figuras/brasao-uesc.png, id=6, 95.1555pt x 123.3408pt>
File: figuras/brasao-uesc.png Graphic file (type png)
<use figuras/brasao-uesc.png>
Package pdftex.def Info: figuras/brasao-uesc.png  used on input line 7.
(pdftex.def)             Requested size: 33.3049pt x 43.16992pt.
)

[1


{C:/Users/jvssilva/AppData/Local/MiKTeX/fonts/map/pdftex/pdftex.map}{C:/Users/jvssilva/AppData/Local/Programs/MiKTeX/fonts/enc/dvips/lm/lm-ec.enc} <./figuras/brasao-uesc.png>]
\openout2 = `includes/folharosto.aux'.

 (includes/folharosto.tex
Underfull \hbox (badness 4072) in paragraph at lines 11--13
[]\T1/lmr/bx/n/12 (+20) Trabalho de Con-clu-so de Curso
 []


Underfull \hbox (badness 10000) in paragraph at lines 11--13

 []

LaTeX Font Info:    Trying to load font information for OT1+lmr on input line 13.
(C:\Users\jvssilva\AppData\Local\Programs\MiKTeX\tex/latex/lm\ot1lmr.fd
File: ot1lmr.fd 2015/05/01 v1.6.1 Font defs for Latin Modern
)
LaTeX Font Info:    Trying to load font information for OML+lmm on input line 13.
 (C:\Users\jvssilva\AppData\Local\Programs\MiKTeX\tex/latex/lm\omllmm.fd
File: omllmm.fd 2015/05/01 v1.6.1 Font defs for Latin Modern
)
LaTeX Font Info:    Trying to load font information for OMS+lmsy on input line 13.
 (C:\Users\jvssilva\AppData\Local\Programs\MiKTeX\tex/latex/lm\omslmsy.fd
File: omslmsy.fd 2015/05/01 v1.6.1 Font defs for Latin Modern
)
LaTeX Font Info:    Trying to load font information for OMX+lmex on input line 13.
 (C:\Users\jvssilva\AppData\Local\Programs\MiKTeX\tex/latex/lm\omxlmex.fd
File: omxlmex.fd 2015/05/01 v1.6.1 Font defs for Latin Modern
)
LaTeX Font Info:    External font `lmex10' loaded for size
(Font)              <12> on input line 13.
LaTeX Font Info:    External font `lmex10' loaded for size
(Font)              <8> on input line 13.
LaTeX Font Info:    External font `lmex10' loaded for size
(Font)              <6> on input line 13.
LaTeX Font Info:    Trying to load font information for U+msa on input line 13.
 (C:\Users\jvssilva\AppData\Local\Programs\MiKTeX\tex/latex/amsfonts\umsa.fd
File: umsa.fd 2013/01/14 v3.01 AMS symbols A
) (C:\Users\jvssilva\AppData\Local\Programs\MiKTeX\tex/latex/microtype\mt-msa.cfg
File: mt-msa.cfg 2006/02/04 v1.1 microtype config. file: AMS symbols (a) (RS)
)
LaTeX Font Info:    Trying to load font information for U+msb on input line 13.
 (C:\Users\jvssilva\AppData\Local\Programs\MiKTeX\tex/latex/amsfonts\umsb.fd
File: umsb.fd 2013/01/14 v3.01 AMS symbols B
) (C:\Users\jvssilva\AppData\Local\Programs\MiKTeX\tex/latex/microtype\mt-msb.cfg
File: mt-msb.cfg 2005/06/01 v1.0 microtype config. file: AMS symbols (b) (RS)
))

[2



]
\openout2 = `includes/folhaaprovacao.aux'.

 (includes/folhaaprovacao.tex

[3




])
\openout2 = `includes/agradecimentos.aux'.

 (includes/agradecimentos.tex
LaTeX Font Info:    Trying to load font information for T1+lmss on input line 2.
 (C:\Users\jvssilva\AppData\Local\Programs\MiKTeX\tex/latex/lm\t1lmss.fd
File: t1lmss.fd 2015/05/01 v1.6.1 Font defs for Latin Modern
)
Package microtype Info: Loading generic protrusion settings for font family
(microtype)             `lmss' (encoding: T1).
(microtype)             For optimal results, create family-specific settings.
(microtype)             See the microtype manual for details.


[4





])
\openout2 = `includes/resumo.aux'.

 (includes/resumo.tex

Package hyperref Warning: Token not allowed in a PDF string (Unicode):
(hyperref)                removing `\<let>-command' on input line 3.


Package hyperref Warning: Token not allowed in a PDF string (Unicode):
(hyperref)                removing `\\' on input line 3.


Package hyperref Warning: Token not allowed in a PDF string (Unicode):
(hyperref)                removing `\@centercr' on input line 3.


Package hyperref Warning: Token not allowed in a PDF string (Unicode):
(hyperref)                removing `\rightskip' on input line 3.


Package hyperref Warning: Token not allowed in a PDF string (Unicode):
(hyperref)                removing `\@flushglue' on input line 3.


Package hyperref Warning: Token not allowed in a PDF string (Unicode):
(hyperref)                removing `\leftskip' on input line 3.


Package hyperref Warning: Token not allowed in a PDF string (Unicode):
(hyperref)                removing `\@flushglue' on input line 3.


Package hyperref Warning: Token not allowed in a PDF string (Unicode):
(hyperref)                removing `\finalhyphendemerits' on input line 3.


Package hyperref Warning: Token not allowed in a PDF string (Unicode):
(hyperref)                removing `\z@' on input line 3.


Package hyperref Warning: Token not allowed in a PDF string (Unicode):
(hyperref)                removing `\parindent' on input line 3.


Package hyperref Warning: Token not allowed in a PDF string (Unicode):
(hyperref)                removing `\z@' on input line 3.


Package hyperref Warning: Token not allowed in a PDF string (Unicode):
(hyperref)                removing `\parfillskip' on input line 3.


Package hyperref Warning: Token not allowed in a PDF string (Unicode):
(hyperref)                removing `\z@skip' on input line 3.



[5




] (C:\Users\jvssilva\AppData\Local\Programs\MiKTeX\tex/generic/babel/locale/en\babel-english.tex)
Package babel Info: Importing data for english
(babel)             from babel-en.ini. Reported on input line 19.


[6

]) (main.toc
LaTeX Font Info:    Font shape `T1/lmss/m/it' in size <12> not available
(Font)              Font shape `T1/lmss/m/sl' tried instead on input line 39.


[7



]
LaTeX Font Info:    Font shape `T1/lmss/bx/it' in size <12> not available
(Font)              Font shape `T1/lmss/bx/sl' tried instead on input line 55.
)

[8] (main.lot)

[9] (main.lof

[10])

[11]
\openout2 = `includes/lista_siglas.aux'.

 (includes/lista_siglas.tex)

[12


] (inputs/introducao.tex
Cap\'{\i }tulo 1.


[13



]
LaTeX Font Info:    Trying to load font information for TS1+lmr on input line 36.
 (C:\Users\jvssilva\AppData\Local\Programs\MiKTeX\tex/latex/lm\ts1lmr.fd
File: ts1lmr.fd 2015/05/01 v1.6.1 Font defs for Latin Modern
)

Package babel Info: 'brazil' activates 'portuges' shorthands.
(babel)             Reported on input line 41.
[14{C:/Users/jvssilva/AppData/Local/Programs/MiKTeX/fonts/enc/dvips/lm/lm-ts1.enc}]) (inputs/fundamentacao_teorica.tex

[15]

[16]
Cap\'{\i }tulo 2.
<figuras/coracao_sistema_eletrico.png, id=330, 1084.05pt x 1544.77126pt>
File: figuras/coracao_sistema_eletrico.png Graphic file (type png)
<use figuras/coracao_sistema_eletrico.png>
Package pdftex.def Info: figuras/coracao_sistema_eletrico.png  used on input line 19.
(pdftex.def)             Requested size: 158.54152pt x 225.90715pt.


[17

 <./figuras/coracao_sistema_eletrico.png (PNG copy)>]
<figuras/ecg_exemplo_coracao.png, id=348, 1927.2pt x 1257.69875pt>
File: figuras/ecg_exemplo_coracao.png Graphic file (type png)
<use figuras/ecg_exemplo_coracao.png>
Package pdftex.def Info: figuras/ecg_exemplo_coracao.png  used on input line 41.
(pdftex.def)             Requested size: 317.07614pt x 206.91641pt.


[18 <./figuras/ecg_exemplo_coracao.png>]

[19]

[20{C:/Users/jvssilva/AppData/Local/Programs/MiKTeX/fonts/enc/dvips/lm/lm-rm.enc}]

[21]
<figuras/ann_exemplos/ann_ff_exemplo.png, id=419, 666.49pt x 581.17125pt>
File: figuras/ann_exemplos/ann_ff_exemplo.png Graphic file (type png)
<use figuras/ann_exemplos/ann_ff_exemplo.png>
Package pdftex.def Info: figuras/ann_exemplos/ann_ff_exemplo.png  used on input line 139.
(pdftex.def)             Requested size: 249.13371pt x 217.23811pt.


[22]
<figuras/ann_exemplos/funcoes_de_ativacao.png, id=433, 689.57625pt x 376.40625pt>
File: figuras/ann_exemplos/funcoes_de_ativacao.png Graphic file (type png)
<use figuras/ann_exemplos/funcoes_de_ativacao.png>
Package pdftex.def Info: figuras/ann_exemplos/funcoes_de_ativacao.png  used on input line 156.
(pdftex.def)             Requested size: 294.42636pt x 160.71431pt.


[23 <./figuras/ann_exemplos/ann_ff_exemplo.png>]

[24 <./figuras/ann_exemplos/funcoes_de_ativacao.png (PNG copy)>]
<figuras/ann_exemplos/rnn_exemplo.png, id=451, 946.53625pt x 384.43625pt>
File: figuras/ann_exemplos/rnn_exemplo.png Graphic file (type png)
<use figuras/ann_exemplos/rnn_exemplo.png>
Package pdftex.def Info: figuras/ann_exemplos/rnn_exemplo.png  used on input line 208.
(pdftex.def)             Requested size: 271.7835pt x 110.38084pt.


[25{C:/Users/jvssilva/AppData/Local/Programs/MiKTeX/fonts/enc/dvips/lm/lm-mathit.enc}{C:/Users/jvssilva/AppData/Local/Programs/MiKTeX/fonts/enc/dvips/lm/lm-mathsy.enc} <./figuras/ann_exemplos/rnn_exemplo.png>]
<figuras/ann_exemplos/lstm_celula.png, id=472, 212.7147pt x 156.585pt>
File: figuras/ann_exemplos/lstm_celula.png Graphic file (type png)
<use figuras/ann_exemplos/lstm_celula.png>
Package pdftex.def Info: figuras/ann_exemplos/lstm_celula.png  used on input line 270.
(pdftex.def)             Requested size: 249.13371pt x 183.40201pt.


[26{C:/Users/jvssilva/AppData/Local/Programs/MiKTeX/fonts/enc/dvips/lm/lm-mathex.enc}]

[27 <./figuras/ann_exemplos/lstm_celula.png>]
<figuras/ann_exemplos/gru_celula.png, id=494, 179.7114pt x 152.9715pt>
File: figuras/ann_exemplos/gru_celula.png Graphic file (type png)
<use figuras/ann_exemplos/gru_celula.png>
Package pdftex.def Info: figuras/ann_exemplos/gru_celula.png  used on input line 316.
(pdftex.def)             Requested size: 249.13371pt x 212.07187pt.


[28 <./figuras/ann_exemplos/gru_celula.png>]
<figuras/ann_exemplos/cnn_tigre.png, id=513, 142.3719pt x 99.4917pt>
File: figuras/ann_exemplos/cnn_tigre.png Graphic file (type png)
<use figuras/ann_exemplos/cnn_tigre.png>
Package pdftex.def Info: figuras/ann_exemplos/cnn_tigre.png  used on input line 352.
(pdftex.def)             Requested size: 249.13371pt x 174.11305pt.


[29 <./figuras/ann_exemplos/cnn_tigre.png>]
<figuras/ann_exemplos/cnn_arquitetura.png, id=526, 247.8861pt x 58.2978pt>
File: figuras/ann_exemplos/cnn_arquitetura.png Graphic file (type png)
<use figuras/ann_exemplos/cnn_arquitetura.png>
Package pdftex.def Info: figuras/ann_exemplos/cnn_arquitetura.png  used on input line 424.
(pdftex.def)             Requested size: 452.9679pt x 106.53268pt.


[30 <./figuras/ann_exemplos/cnn_arquitetura.png>] (inputs/revisao_literatura.tex

[31]

[32]

[33] (includes/revisao_literatura_tabela_metodos.tex
\colwidthA=\skip286
\colwidthB=\skip287
\colwidthC=\skip288
\colwidthD=\skip289
\colwidthE=\skip290

Overfull \hbox (50.7861pt too wide) in alignment at lines 27--39
 [] [] [] [] [] [] 
 []


Overfull \hbox (50.7861pt too wide) in alignment at lines 39--46
 [] [] [] [] [] [] 
 []


Overfull \hbox (50.7861pt too wide) in alignment at lines 46--52
 [] [] [] [] [] [] 
 []

LaTeX Font Info:    External font `lmex10' loaded for size
(Font)              <10> on input line 63.
LaTeX Font Info:    External font `lmex10' loaded for size
(Font)              <7> on input line 63.
LaTeX Font Info:    External font `lmex10' loaded for size
(Font)              <5> on input line 63.

Overfull \hbox (9.14528pt too wide) in paragraph at lines 63--63
|[][] 
 []


Overfull \hbox (9.14528pt too wide) in paragraph at lines 65--65
|[][] 
 []


Overfull \hbox (9.14528pt too wide) in paragraph at lines 67--67
|[][] 
 []


Overfull \hbox (9.14528pt too wide) in paragraph at lines 69--69
|[][] 
 []


Overfull \hbox (9.14528pt too wide) in paragraph at lines 71--71
|[][] 
 []


Overfull \hbox (50.7861pt too wide) in alignment at lines 52--76
 [] [] [] [] [] [] 
 []

[34] [35]))) (inputs/metdologia.tex

[36]
Cap\'{\i }tulo 3.
(figuras/metodologia_diagrama.tex)

[37

]

[38]
<figuras/ecg_physio_bank/p100_ritmo_normal.png, id=628, 1557.82pt x 435.6275pt>
File: figuras/ecg_physio_bank/p100_ritmo_normal.png Graphic file (type png)
<use figuras/ecg_physio_bank/p100_ritmo_normal.png>
Package pdftex.def Info: figuras/ecg_physio_bank/p100_ritmo_normal.png  used on input line 73.
(pdftex.def)             Requested size: 452.9679pt x 126.66774pt.
<figuras/ecg_physio_bank/p100_ritmo_normal_classV.png, id=638, 1556.81625pt x 399.4925pt>
File: figuras/ecg_physio_bank/p100_ritmo_normal_classV.png Graphic file (type png)
<use figuras/ecg_physio_bank/p100_ritmo_normal_classV.png>
Package pdftex.def Info: figuras/ecg_physio_bank/p100_ritmo_normal_classV.png  used on input line 83.
(pdftex.def)             Requested size: 452.9679pt x 116.23389pt.
<figuras/ecg_physio_bank/p106_ritmo_normal_vt_classV.png, id=648, 1569.865pt x 429.605pt>
File: figuras/ecg_physio_bank/p106_ritmo_normal_vt_classV.png Graphic file (type png)
<use figuras/ecg_physio_bank/p106_ritmo_normal_vt_classV.png>
Package pdftex.def Info: figuras/ecg_physio_bank/p106_ritmo_normal_vt_classV.png  used on input line 93.
(pdftex.def)             Requested size: 452.9679pt x 123.95294pt.


[39 <./figuras/ecg_physio_bank/p100_ritmo_normal.png> <./figuras/ecg_physio_bank/p100_ritmo_normal_classV.png>]

[40 <./figuras/ecg_physio_bank/p106_ritmo_normal_vt_classV.png>]
<figuras/ecg_physio_bank/p101_batimentoSegmentadoVsOrignal.png, id=672, 417.7206pt x 312.2064pt>
File: figuras/ecg_physio_bank/p101_batimentoSegmentadoVsOrignal.png Graphic file (type png)
<use figuras/ecg_physio_bank/p101_batimentoSegmentadoVsOrignal.png>
Package pdftex.def Info: figuras/ecg_physio_bank/p101_batimentoSegmentadoVsOrignal.png  used on input line 139.
(pdftex.def)             Requested size: 226.48395pt x 169.27495pt.
<figuras/ecg_physio_bank/p101_segmentadovsAmostrado.png, id=673, 409.7709pt x 312.2064pt>
File: figuras/ecg_physio_bank/p101_segmentadovsAmostrado.png Graphic file (type png)
<use figuras/ecg_physio_bank/p101_segmentadovsAmostrado.png>
Package pdftex.def Info: figuras/ecg_physio_bank/p101_segmentadovsAmostrado.png  used on input line 145.
(pdftex.def)             Requested size: 226.48395pt x 172.55725pt.
LaTeX Font Info:    Font shape `T1/lmss/m/it' in size <14.4> not available
(Font)              Font shape `T1/lmss/m/sl' tried instead on input line 153.


[41 <./figuras/ecg_physio_bank/p101_batimentoSegmentadoVsOrignal.png> <./figuras/ecg_physio_bank/p101_segmentadovsAmostrado.png>] (figuras/gru_pura.tex)

[42]

[43] (figuras/cnn_gru.tex)

[44]

[45]
LaTeX Font Info:    External font `lmex10' loaded for size
(Font)              <10.95> on input line 295.


[46]
Overfull \hbox (10.19633pt too wide) in paragraph at lines 349--350
[]\T1/lmr/m/n/12 (-20) E com base nes-ses ti-pos, so de-fi-ni-das as se-guin-tes m-tri-cas de de-sem-pe-nho(([]MLLER;
 []



[47]

[48]

[49]) (inputs/resultados_e_discussoes.tex

[50]
Cap\'{\i }tulo 4.


[51

]
<figuras/modelos_resultados/gru/gru_metricas_por_fold.png, id=787, 855.6768pt x 422.0568pt>
File: figuras/modelos_resultados/gru/gru_metricas_por_fold.png Graphic file (type png)
<use figuras/modelos_resultados/gru/gru_metricas_por_fold.png>
Package pdftex.def Info: figuras/modelos_resultados/gru/gru_metricas_por_fold.png  used on input line 90.
(pdftex.def)             Requested size: 452.9679pt x 223.42499pt.


[52]
<figuras/modelos_resultados/gru/matriz_confusao_melhor_fold_gru_alt.png, id=793, 390.9807pt x 325.215pt>
File: figuras/modelos_resultados/gru/matriz_confusao_melhor_fold_gru_alt.png Graphic file (type png)
<use figuras/modelos_resultados/gru/matriz_confusao_melhor_fold_gru_alt.png>
Package pdftex.def Info: figuras/modelos_resultados/gru/matriz_confusao_melhor_fold_gru_alt.png  used on input line 110.
(pdftex.def)             Requested size: 271.7835pt x 226.0709pt.


[53 <./figuras/modelos_resultados/gru/gru_metricas_por_fold.png>]
<figuras/modelos_resultados/gru/matriz_confusao_pior_fold_gru_alt.png, id=801, 390.9807pt x 325.215pt>
File: figuras/modelos_resultados/gru/matriz_confusao_pior_fold_gru_alt.png Graphic file (type png)
<use figuras/modelos_resultados/gru/matriz_confusao_pior_fold_gru_alt.png>
Package pdftex.def Info: figuras/modelos_resultados/gru/matriz_confusao_pior_fold_gru_alt.png  used on input line 129.
(pdftex.def)             Requested size: 271.7835pt x 226.0709pt.


[54 <./figuras/modelos_resultados/gru/matriz_confusao_melhor_fold_gru_alt.png> <./figuras/modelos_resultados/gru/matriz_confusao_pior_fold_gru_alt.png>]
<figuras/modelos_resultados/gru/ap_gru_pior_fold.png, id=811, 336.7782pt x 340.3917pt>
File: figuras/modelos_resultados/gru/ap_gru_pior_fold.png Graphic file (type png)
<use figuras/modelos_resultados/gru/ap_gru_pior_fold.png>
Package pdftex.def Info: figuras/modelos_resultados/gru/ap_gru_pior_fold.png  used on input line 179.
(pdftex.def)             Requested size: 271.7835pt x 274.71852pt.
<figuras/modelos_resultados/gru/ap_gru_melhor_fold.png, id=813, 336.7782pt x 340.3917pt>
File: figuras/modelos_resultados/gru/ap_gru_melhor_fold.png Graphic file (type png)
<use figuras/modelos_resultados/gru/ap_gru_melhor_fold.png>
Package pdftex.def Info: figuras/modelos_resultados/gru/ap_gru_melhor_fold.png  used on input line 194.
(pdftex.def)             Requested size: 271.7835pt x 274.71852pt.


[55 <./figuras/modelos_resultados/gru/ap_gru_pior_fold.png>]

[56 <./figuras/modelos_resultados/gru/ap_gru_melhor_fold.png>]
<figuras/modelos_resultados/gru_cnn/gru_cnn_metricas_por_fold.png, id=828, 855.6768pt x 422.0568pt>
File: figuras/modelos_resultados/gru_cnn/gru_cnn_metricas_por_fold.png Graphic file (type png)
<use figuras/modelos_resultados/gru_cnn/gru_cnn_metricas_por_fold.png>
Package pdftex.def Info: figuras/modelos_resultados/gru_cnn/gru_cnn_metricas_por_fold.png  used on input line 258.
(pdftex.def)             Requested size: 452.9679pt x 223.42499pt.


[57]
<figuras/modelos_resultados/gru_cnn/matriz_confusao_melhor_fold_gru_cnn_1_alt.png, id=835, 390.9807pt x 325.215pt>
File: figuras/modelos_resultados/gru_cnn/matriz_confusao_melhor_fold_gru_cnn_1_alt.png Graphic file (type png)
<use figuras/modelos_resultados/gru_cnn/matriz_confusao_melhor_fold_gru_cnn_1_alt.png>
Package pdftex.def Info: figuras/modelos_resultados/gru_cnn/matriz_confusao_melhor_fold_gru_cnn_1_alt.png  used on input line 279.
(pdftex.def)             Requested size: 271.7835pt x 226.0709pt.


[58 <./figuras/modelos_resultados/gru_cnn/gru_cnn_metricas_por_fold.png>]
<figuras/modelos_resultados/gru_cnn/matriz_confusao_pior_fold_gru_cnn_3_alt.png, id=843, 390.9807pt x 325.215pt>
File: figuras/modelos_resultados/gru_cnn/matriz_confusao_pior_fold_gru_cnn_3_alt.png Graphic file (type png)
<use figuras/modelos_resultados/gru_cnn/matriz_confusao_pior_fold_gru_cnn_3_alt.png>
Package pdftex.def Info: figuras/modelos_resultados/gru_cnn/matriz_confusao_pior_fold_gru_cnn_3_alt.png  used on input line 296.
(pdftex.def)             Requested size: 271.7835pt x 226.0709pt.


[59 <./figuras/modelos_resultados/gru_cnn/matriz_confusao_melhor_fold_gru_cnn_1_alt.png>]
<figuras/modelos_resultados/gru_cnn/ap_gru_cnn_pior_fold_3.png, id=851, 336.7782pt x 340.3917pt>
File: figuras/modelos_resultados/gru_cnn/ap_gru_cnn_pior_fold_3.png Graphic file (type png)
<use figuras/modelos_resultados/gru_cnn/ap_gru_cnn_pior_fold_3.png>
Package pdftex.def Info: figuras/modelos_resultados/gru_cnn/ap_gru_cnn_pior_fold_3.png  used on input line 310.
(pdftex.def)             Requested size: 271.7835pt x 274.71852pt.


[60 <./figuras/modelos_resultados/gru_cnn/matriz_confusao_pior_fold_gru_cnn_3_alt.png>]
<figuras/modelos_resultados/gru_cnn/ap_gru_cnn_melhor_fold_1.png, id=858, 336.7782pt x 340.3917pt>
File: figuras/modelos_resultados/gru_cnn/ap_gru_cnn_melhor_fold_1.png Graphic file (type png)
<use figuras/modelos_resultados/gru_cnn/ap_gru_cnn_melhor_fold_1.png>
Package pdftex.def Info: figuras/modelos_resultados/gru_cnn/ap_gru_cnn_melhor_fold_1.png  used on input line 321.
(pdftex.def)             Requested size: 271.7835pt x 274.71852pt.


[61 <./figuras/modelos_resultados/gru_cnn/ap_gru_cnn_pior_fold_3.png>]

[62 <./figuras/modelos_resultados/gru_cnn/ap_gru_cnn_melhor_fold_1.png>] (includes/revisao_literatura_tabela_resultados.tex

[63]) (inputs/analise_de_erros.tex

[64]
Cap\'{\i }tulo 5.
LaTeX Font Info:    Font shape `T1/lmss/m/it' in size <24.88> not available
(Font)              Font shape `T1/lmss/m/sl' tried instead on input line 1.


[65

]
<figuras/analise_erros/matriz_confusao_paciente_mais_dificil.png, id=889, 372.9132pt x 312.2064pt>
File: figuras/analise_erros/matriz_confusao_paciente_mais_dificil.png Graphic file (type png)
<use figuras/analise_erros/matriz_confusao_paciente_mais_dificil.png>
Package pdftex.def Info: figuras/analise_erros/matriz_confusao_paciente_mais_dificil.png  used on input line 56.
(pdftex.def)             Requested size: 317.07614pt x 265.46245pt.
<figuras/analise_erros/ecg_erro_acerto_neg_paciente_mais_dificil.png, id=891, 859.2903pt x 426.393pt>
File: figuras/analise_erros/ecg_erro_acerto_neg_paciente_mais_dificil.png Graphic file (type png)
<use figuras/analise_erros/ecg_erro_acerto_neg_paciente_mais_dificil.png>
Package pdftex.def Info: figuras/analise_erros/ecg_erro_acerto_neg_paciente_mais_dificil.png  used on input line 70.
(pdftex.def)             Requested size: 452.9679pt x 224.77054pt.


[66 <./figuras/analise_erros/matriz_confusao_paciente_mais_dificil.png>]
<figuras/analise_erros/ecg_sequencia_normal_neg_paciente_mais_facil.png, id=898, 721.9773pt x 381.5856pt>
File: figuras/analise_erros/ecg_sequencia_normal_neg_paciente_mais_facil.png Graphic file (type png)
<use figuras/analise_erros/ecg_sequencia_normal_neg_paciente_mais_facil.png>
Package pdftex.def Info: figuras/analise_erros/ecg_sequencia_normal_neg_paciente_mais_facil.png  used on input line 87.
(pdftex.def)             Requested size: 371.43698pt x 196.31207pt.


[67 <./figuras/analise_erros/ecg_erro_acerto_neg_paciente_mais_dificil.png> <./figuras/analise_erros/ecg_sequencia_normal_neg_paciente_mais_facil.png>]
<figuras/analise_erros/ecg_erro_acerto_pos_paciente_mais_dificil.png, id=908, 859.2903pt x 426.393pt>
File: figuras/analise_erros/ecg_erro_acerto_pos_paciente_mais_dificil.png Graphic file (type png)
<use figuras/analise_erros/ecg_erro_acerto_pos_paciente_mais_dificil.png>
Package pdftex.def Info: figuras/analise_erros/ecg_erro_acerto_pos_paciente_mais_dificil.png  used on input line 103.
(pdftex.def)             Requested size: 452.9679pt x 224.77054pt.
<figuras/analise_erros/ecg_sequencia_normal_pos_paciente_mais_facil.png, id=910, 721.9773pt x 379.4175pt>
File: figuras/analise_erros/ecg_sequencia_normal_pos_paciente_mais_facil.png Graphic file (type png)
<use figuras/analise_erros/ecg_sequencia_normal_pos_paciente_mais_facil.png>
Package pdftex.def Info: figuras/analise_erros/ecg_sequencia_normal_pos_paciente_mais_facil.png  used on input line 121.
(pdftex.def)             Requested size: 371.43698pt x 195.19666pt.


[68 <./figuras/analise_erros/ecg_erro_acerto_pos_paciente_mais_dificil.png>]
<figuras/analise_erros/poincare_paciente_mais_dificil_fp.png, id=919, 555.7563pt x 549.9747pt>
File: figuras/analise_erros/poincare_paciente_mais_dificil_fp.png Graphic file (type png)
<use figuras/analise_erros/poincare_paciente_mais_dificil_fp.png>
Package pdftex.def Info: figuras/analise_erros/poincare_paciente_mais_dificil_fp.png  used on input line 143.
(pdftex.def)             Requested size: 285.36658pt x 282.39674pt.
<figuras/analise_erros/poincare_paciente_mais_dificil_tp.png, id=920, 555.7563pt x 549.9747pt>
File: figuras/analise_erros/poincare_paciente_mais_dificil_tp.png Graphic file (type png)
<use figuras/analise_erros/poincare_paciente_mais_dificil_tp.png>
Package pdftex.def Info: figuras/analise_erros/poincare_paciente_mais_dificil_tp.png  used on input line 152.
(pdftex.def)             Requested size: 285.36658pt x 282.39674pt.


LaTeX Warning: `!h' float specifier changed to `!ht'.

<figuras/analise_erros/poincare_paciente_mais_dificil_tn.png, id=925, 555.7563pt x 549.9747pt>
File: figuras/analise_erros/poincare_paciente_mais_dificil_tn.png Graphic file (type png)
<use figuras/analise_erros/poincare_paciente_mais_dificil_tn.png>
Package pdftex.def Info: figuras/analise_erros/poincare_paciente_mais_dificil_tn.png  used on input line 208.
(pdftex.def)             Requested size: 285.36658pt x 282.39674pt.
<figuras/analise_erros/poincare_paciente_mais_facil_neg.png, id=926, 555.7563pt x 549.9747pt>
File: figuras/analise_erros/poincare_paciente_mais_facil_neg.png Graphic file (type png)
<use figuras/analise_erros/poincare_paciente_mais_facil_neg.png>
Package pdftex.def Info: figuras/analise_erros/poincare_paciente_mais_facil_neg.png  used on input line 217.
(pdftex.def)             Requested size: 285.36658pt x 282.39674pt.

LaTeX Warning: `!h' float specifier changed to `!ht'.

<figuras/analise_erros/curva_calibracao_pior_paciente_e_melhor_paciente.png, id=928, 723.4227pt x 379.4175pt>
File: figuras/analise_erros/curva_calibracao_pior_paciente_e_melhor_paciente.png Graphic file (type png)
<use figuras/analise_erros/curva_calibracao_pior_paciente_e_melhor_paciente.png>
Package pdftex.def Info: figuras/analise_erros/curva_calibracao_pior_paciente_e_melhor_paciente.png  used on input line 231.
(pdftex.def)             Requested size: 407.66833pt x 213.81549pt.

LaTeX Warning: `h' float specifier changed to `ht'.



[69 <./figuras/analise_erros/ecg_sequencia_normal_pos_paciente_mais_facil.png>]

LaTeX Warning: Text page 70 contains only floats.



[70 <./figuras/analise_erros/poincare_paciente_mais_dificil_fp.png> <./figuras/analise_erros/poincare_paciente_mais_dificil_tp.png>]

LaTeX Warning: Text page 71 contains only floats.



[71 <./figuras/analise_erros/poincare_paciente_mais_dificil_tn.png> <./figuras/analise_erros/poincare_paciente_mais_facil_neg.png>]

[72 <./figuras/analise_erros/curva_calibracao_pior_paciente_e_melhor_paciente.png>])) (inputs/conclusao.tex

[73]
Cap\'{\i }tulo 6.


[74

]) (main.bbl

[75]
bibitemlist


[76

]

[77])

[78]
\tf@toc=\write5
\openout5 = `main.toc'.

\tf@lot=\write6
\openout6 = `main.lot'.

\tf@lof=\write7
\openout7 = `main.lof'.

 (main.aux (includes/modelocapa.aux) (includes/folharosto.aux) (includes/folhaaprovacao.aux) (includes/agradecimentos.aux) (includes/resumo.aux) (includes/lista_siglas.aux))
 ***********
LaTeX2e <2025-06-01> patch level 1
L3 programming layer <2020/03/25>
 ***********


LaTeX Warning: There were multiply-defined labels.

 ) 
Here is how much of TeX's memory you used:
 46048 strings out of 468080
 1026012 string characters out of 5424320
 1704845 words of memory out of 5000000
 73267 multiletter control sequences out of 15000+600000
 787535 words of font info for 310 fonts, out of 8000000 for 9000
 1141 hyphenation exceptions out of 8191
 99i,19n,131p,1074b,2292s stack positions out of 10000i,1000n,20000p,200000b,200000s
<C:/Users/jvssilva/AppData/Local/Programs/MiKTeX/fonts/type1/public/lm/lmbx10.pfb><C:/Users/jvssilva/AppData/Local/Programs/MiKTeX/fonts/type1/public/lm/lmbx12.pfb><C:/Users/jvssilva/AppData/Local/Programs/MiKTeX/fonts/type1/public/lm/lmbxi10.pfb><C:/Users/jvssilva/AppData/Local/Programs/MiKTeX/fonts/type1/public/lm/lmex10.pfb><C:/Users/jvssilva/AppData/Local/Programs/MiKTeX/fonts/type1/public/lm/lmmi10.pfb><C:/Users/jvssilva/AppData/Local/Programs/MiKTeX/fonts/type1/public/lm/lmmi12.pfb><C:/Users/jvssilva/AppData/Local/Programs/MiKTeX/fonts/type1/public/lm/lmmi7.pfb><C:/Users/jvssilva/AppData/Local/Programs/MiKTeX/fonts/type1/public/lm/lmmi8.pfb><C:/Users/jvssilva/AppData/Local/Programs/MiKTeX/fonts/type1/public/lm/lmr10.pfb><C:/Users/jvssilva/AppData/Local/Programs/MiKTeX/fonts/type1/public/lm/lmr12.pfb><C:/Users/jvssilva/AppData/Local/Programs/MiKTeX/fonts/type1/public/lm/lmr8.pfb><C:/Users/jvssilva/AppData/Local/Programs/MiKTeX/fonts/type1/public/lm/lmri10.pfb><C:/Users/jvssilva/AppData/Local/Programs/MiKTeX/fonts/type1/public/lm/lmri12.pfb><C:/Users/jvssilva/AppData/Local/Programs/MiKTeX/fonts/type1/public/lm/lmss10.pfb><C:/Users/jvssilva/AppData/Local/Programs/MiKTeX/fonts/type1/public/lm/lmss12.pfb><C:/Users/jvssilva/AppData/Local/Programs/MiKTeX/fonts/type1/public/lm/lmss17.pfb><C:/Users/jvssilva/AppData/Local/Programs/MiKTeX/fonts/type1/public/lm/lmssbo10.pfb><C:/Users/jvssilva/AppData/Local/Programs/MiKTeX/fonts/type1/public/lm/lmssbx10.pfb><C:/Users/jvssilva/AppData/Local/Programs/MiKTeX/fonts/type1/public/lm/lmsso12.pfb><C:/Users/jvssilva/AppData/Local/Programs/MiKTeX/fonts/type1/public/lm/lmsso17.pfb><C:/Users/jvssilva/AppData/Local/Programs/MiKTeX/fonts/type1/public/lm/lmsy10.pfb><C:/Users/jvssilva/AppData/Local/Programs/MiKTeX/fonts/type1/public/lm/lmsy8.pfb>
Output written on main.pdf (78 pages, 4587179 bytes).
PDF statistics:
 1354 PDF objects out of 1440 (max. 8388607)
 242 named destinations out of 1000 (max. 500000)
 90740 words of extra memory for PDF output out of 106986 (max. 10000000)

